TN:
SF:/Volumes/Data/Eric/Develop/Repository/Vimo/src/components/alert/index.js
FNF:0
FNH:0
LF:0
LH:0
BRF:0
BRH:0
end_of_record
TN:
SF:/Volumes/Data/Eric/Develop/Repository/Vimo/src/components/alert/alert.js
FN:119,AlertFactory
FN:126,getPresentDismissIns
FN:171,(anonymous_2)
FN:183,(anonymous_3)
FN:186,(anonymous_4)
FN:193,(anonymous_5)
FN:208,(anonymous_6)
FN:210,(anonymous_7)
FNF:8
FNH:7
FNDA:3,AlertFactory
FNDA:1,getPresentDismissIns
FNDA:4,(anonymous_2)
FNDA:2,(anonymous_3)
FNDA:2,(anonymous_4)
FNDA:0,(anonymous_5)
FNDA:2,(anonymous_6)
FNDA:1,(anonymous_7)
DA:117,1
DA:120,3
DA:123,3
DA:127,1
DA:168,4
DA:169,1
DA:171,4
DA:173,4
DA:178,4
DA:179,1
DA:181,3
DA:182,3
DA:183,2
DA:184,2
DA:186,2
DA:187,2
DA:191,1
DA:193,1
DA:194,0
DA:208,2
DA:209,2
DA:210,1
DA:211,1
DA:214,1
LF:24
LH:23
BRDA:168,0,0,1
BRDA:168,0,1,3
BRDA:173,1,0,4
BRDA:173,1,1,4
BRDA:173,1,2,4
BRDA:173,1,3,4
BRDA:173,1,4,1
BRDA:178,2,0,1
BRDA:178,2,1,3
BRDA:182,3,0,2
BRDA:182,3,1,1
BRDA:182,4,0,3
BRDA:182,4,1,2
BRDA:209,5,0,1
BRDA:209,5,1,1
BRDA:209,6,0,2
BRDA:209,6,1,2
BRF:17
BRH:17
end_of_record
TN:
SF:/Volumes/Data/Eric/Develop/Repository/Vimo/src/util/getInsertPosition.js
FN:4,getInsertPosition
FNF:1
FNH:1
FNDA:3,getInsertPosition
DA:5,3
LF:1
LH:1
BRDA:6,0,0,3
BRDA:6,0,1,3
BRDA:6,0,2,3
BRF:3
BRH:3
end_of_record
TN:
SF:/Volumes/Data/Eric/Develop/Repository/Vimo/src/components/alert/alert.vue
FN:90,(anonymous_0)
FN:153,(anonymous_1)
FN:204,(anonymous_2)
FN:250,(anonymous_3)
FN:284,(anonymous_4)
FN:291,(anonymous_5)
FN:291,(anonymous_6)
FN:298,(anonymous_7)
FN:329,(anonymous_8)
FN:344,(anonymous_9)
FN:350,(anonymous_10)
FN:352,(anonymous_11)
FN:366,(anonymous_12)
FN:381,(anonymous_13)
FN:397,(anonymous_14)
FN:414,(anonymous_15)
FNF:16
FNH:10
FNDA:0,(anonymous_0)
FNDA:8,(anonymous_1)
FNDA:0,(anonymous_2)
FNDA:0,(anonymous_3)
FNDA:0,(anonymous_4)
FNDA:4,(anonymous_5)
FNDA:2,(anonymous_6)
FNDA:1,(anonymous_7)
FNDA:7,(anonymous_8)
FNDA:1,(anonymous_9)
FNDA:6,(anonymous_10)
FNDA:0,(anonymous_11)
FNDA:9,(anonymous_12)
FNDA:9,(anonymous_13)
FNDA:9,(anonymous_14)
FNDA:0,(anonymous_15)
DA:90,1
DA:103,0
DA:112,5
DA:117,3
DA:121,5
DA:125,8
DA:129,8
DA:149,8
DA:153,8
DA:154,8
DA:155,0
DA:157,8
DA:169,6
DA:170,6
DA:174,6
DA:176,6
DA:177,6
DA:178,6
DA:179,1
DA:181,6
DA:184,5
DA:185,5
DA:189,5
DA:191,5
DA:192,5
DA:203,0
DA:204,0
DA:205,0
DA:206,0
DA:208,0
DA:221,2
DA:222,0
DA:225,2
DA:227,2
DA:230,2
DA:232,0
DA:236,2
DA:237,2
DA:249,0
DA:250,0
DA:251,0
DA:253,0
DA:254,0
DA:267,0
DA:268,0
DA:269,0
DA:271,0
DA:281,2
DA:284,0
DA:285,0
DA:288,2
DA:291,4
DA:297,1
DA:298,1
DA:299,1
DA:300,1
DA:301,1
DA:303,0
DA:306,1
DA:314,6
DA:315,6
DA:328,7
DA:329,7
DA:340,6
DA:341,6
DA:342,6
DA:343,6
DA:344,1
DA:345,1
DA:346,1
DA:347,1
DA:350,6
DA:352,0
DA:361,8
DA:362,5
DA:365,3
DA:366,3
DA:367,9
DA:380,3
DA:381,3
DA:382,9
DA:383,3
DA:386,3
DA:387,0
DA:388,0
DA:391,3
DA:395,3
DA:397,9
DA:399,3
DA:404,1
DA:407,3
DA:411,8
DA:413,8
DA:414,8
DA:415,0
LF:95
LH:70
BRDA:121,0,0,5
BRDA:121,0,1,5
BRDA:121,0,2,0
BRDA:154,1,0,0
BRDA:154,1,1,8
BRDA:169,2,0,6
BRDA:169,2,1,1
BRDA:178,3,0,1
BRDA:178,3,1,5
BRDA:184,4,0,5
BRDA:184,4,1,1
BRDA:203,5,0,0
BRDA:203,5,1,0
BRDA:203,6,0,0
BRDA:203,6,1,0
BRDA:203,6,2,0
BRDA:205,7,0,0
BRDA:205,7,1,0
BRDA:221,8,0,0
BRDA:221,8,1,2
BRDA:227,9,0,2
BRDA:227,9,1,0
BRDA:230,10,0,0
BRDA:230,10,1,2
BRDA:236,11,0,2
BRDA:236,11,1,0
BRDA:249,12,0,0
BRDA:249,12,1,0
BRDA:253,13,0,0
BRDA:253,13,1,0
BRDA:267,14,0,0
BRDA:267,14,1,0
BRDA:269,15,0,0
BRDA:269,15,1,0
BRDA:281,16,0,0
BRDA:281,16,1,2
BRDA:281,17,0,2
BRDA:281,17,1,0
BRDA:285,18,0,0
BRDA:285,18,1,0
BRDA:288,19,0,1
BRDA:288,19,1,1
BRDA:288,20,0,2
BRDA:288,20,1,1
BRDA:300,21,0,1
BRDA:300,21,1,0
BRDA:300,22,0,1
BRDA:300,22,1,1
BRDA:315,23,0,6
BRDA:315,23,1,6
BRDA:315,23,2,6
BRDA:340,24,0,6
BRDA:340,24,1,0
BRDA:342,25,0,6
BRDA:342,25,1,6
BRDA:343,26,0,1
BRDA:343,26,1,5
BRDA:361,27,0,5
BRDA:361,27,1,3
BRDA:361,28,0,8
BRDA:361,28,1,8
BRDA:368,29,0,9
BRDA:368,29,1,0
BRDA:369,30,0,1
BRDA:369,30,1,8
BRDA:370,31,0,1
BRDA:370,31,1,8
BRDA:371,32,0,9
BRDA:371,32,1,0
BRDA:376,33,0,8
BRDA:376,33,1,1
BRDA:382,34,0,3
BRDA:382,34,1,6
BRDA:386,35,0,0
BRDA:386,35,1,3
BRDA:386,36,0,3
BRDA:386,36,1,0
BRDA:386,36,2,0
BRDA:391,37,0,3
BRDA:391,37,1,0
BRDA:397,38,0,3
BRDA:397,38,1,3
BRDA:399,39,0,1
BRDA:399,39,1,2
BRDA:413,40,0,8
BRDA:413,40,1,0
BRDA:415,41,0,0
BRDA:415,41,1,0
BRF:88
BRH:52
end_of_record
TN:
SF:/Volumes/Data/Eric/Develop/Repository/Vimo/src/components/backdrop/index.js
FNF:0
FNH:0
LF:0
LH:0
BRF:0
BRH:0
end_of_record
TN:
SF:/Volumes/Data/Eric/Develop/Repository/Vimo/src/components/backdrop/backdrop.vue
FN:50,(anonymous_0)
FNF:1
FNH:0
FNDA:0,(anonymous_0)
DA:50,1
DA:54,8
DA:87,11
DA:100,6
DA:107,5
DA:110,0
DA:111,0
LF:7
LH:5
BRF:0
BRH:0
end_of_record
TN:
SF:/Volumes/Data/Eric/Develop/Repository/Vimo/src/components/button/index.js
FNF:0
FNH:0
LF:0
LH:0
BRF:0
BRH:0
end_of_record
TN:
SF:/Volumes/Data/Eric/Develop/Repository/Vimo/src/components/button/button.vue
FNF:0
FNH:0
DA:78,21
DA:86,21
DA:124,24
DA:134,43
DA:148,43
DA:153,3
DA:158,43
DA:159,43
DA:160,43
DA:162,43
DA:163,43
DA:164,43
DA:166,43
DA:168,43
DA:169,43
DA:170,43
DA:172,43
DA:180,43
DA:181,43
DA:182,43
DA:183,43
DA:184,43
DA:185,43
DA:186,43
DA:188,43
DA:196,215
DA:197,11
DA:198,11
DA:199,11
DA:200,11
DA:209,66
DA:218,43
DA:221,43
DA:224,43
DA:225,43
DA:226,43
DA:228,43
DA:229,41
DA:231,2
DA:238,43
DA:239,43
DA:240,43
DA:241,43
DA:242,43
DA:243,43
DA:245,43
DA:246,1
DA:249,43
DA:251,12
DA:252,1
DA:255,12
DA:256,2
DA:264,55
DA:269,43
DA:274,43
DA:276,1
DA:281,43
DA:282,43
DA:283,43
DA:284,2
DA:286,41
DA:290,43
DA:291,43
DA:292,43
LF:64
LH:64
BRDA:86,0,0,21
BRDA:86,0,1,21
BRDA:86,0,2,0
BRDA:148,1,0,41
BRDA:148,1,1,2
BRDA:158,2,0,43
BRDA:158,2,1,1
BRDA:159,3,0,43
BRDA:159,3,1,1
BRDA:160,4,0,43
BRDA:160,4,1,1
BRDA:162,5,0,43
BRDA:162,5,1,1
BRDA:163,6,0,43
BRDA:163,6,1,1
BRDA:164,7,0,43
BRDA:164,7,1,1
BRDA:166,8,0,43
BRDA:166,8,1,1
BRDA:168,9,0,43
BRDA:168,9,1,1
BRDA:169,10,0,43
BRDA:169,10,1,1
BRDA:170,11,0,43
BRDA:170,11,1,1
BRDA:172,12,0,43
BRDA:172,12,1,1
BRDA:181,13,0,43
BRDA:181,13,1,0
BRDA:196,14,0,11
BRDA:196,14,1,204
BRDA:196,15,0,215
BRDA:196,15,1,11
BRDA:199,16,0,11
BRDA:199,16,1,0
BRDA:218,17,0,43
BRDA:218,17,1,0
BRDA:218,18,0,43
BRDA:218,18,1,43
BRDA:225,19,0,1
BRDA:225,19,1,42
BRDA:225,20,0,43
BRDA:225,20,1,41
BRDA:226,21,0,2
BRDA:226,21,1,41
BRDA:226,22,0,43
BRDA:226,22,1,3
BRDA:226,22,2,3
BRDA:228,23,0,41
BRDA:228,23,1,2
BRDA:241,24,0,43
BRDA:241,24,1,0
BRDA:245,25,0,1
BRDA:245,25,1,42
BRDA:245,26,0,43
BRDA:245,26,1,31
BRDA:249,27,0,12
BRDA:249,27,1,31
BRDA:251,28,0,1
BRDA:251,28,1,11
BRDA:255,29,0,2
BRDA:255,29,1,10
BRDA:264,30,0,55
BRDA:264,30,1,27
BRDA:264,30,2,5
BRDA:269,31,0,43
BRDA:269,31,1,0
BRDA:269,32,0,43
BRDA:269,32,1,43
BRDA:274,33,0,1
BRDA:274,33,1,20
BRDA:274,34,0,43
BRDA:274,34,1,4
BRDA:274,34,2,4
BRDA:283,35,0,2
BRDA:283,35,1,41
BRF:76
BRH:70
end_of_record
TN:
SF:/Volumes/Data/Eric/Develop/Repository/Vimo/src/util/util.js
FN:26,(anonymous_0)
FN:35,(anonymous_1)
FN:44,(anonymous_2)
FN:53,(anonymous_3)
FN:62,(anonymous_4)
FN:71,(anonymous_5)
FN:80,(anonymous_6)
FN:89,(anonymous_7)
FN:98,(anonymous_8)
FN:108,(anonymous_9)
FN:121,(anonymous_10)
FN:143,(anonymous_11)
FN:152,isPrimitive
FN:165,isTrueProperty
FN:188,isCheckedProperty
FN:210,transitionEnd
FN:213,unregister
FN:214,(anonymous_17)
FN:219,onTransitionEnd
FN:256,urlChange
FN:258,(anonymous_20)
FN:284,registerListener
FN:297,unregisterListener
FN:315,isPassive
FN:322,(anonymous_24)
FN:336,docReady
FN:341,(anonymous_26)
FN:358,completed
FN:370,pointerCoord
FN:406,isActive
FN:415,hasFocus
FN:449,focusOutActiveElement
FN:460,setElementClass
FN:471,hasClass
FN:475,addClass
FN:481,removeClass
FN:500,clamp
FN:578,defaults
FN:597,firstUpperCase
FN:608,parsePxUnit
FNF:40
FNH:12
FNDA:0,(anonymous_0)
FNDA:3,(anonymous_1)
FNDA:0,(anonymous_2)
FNDA:0,(anonymous_3)
FNDA:0,(anonymous_4)
FNDA:0,(anonymous_5)
FNDA:16,(anonymous_6)
FNDA:0,(anonymous_7)
FNDA:2,(anonymous_8)
FNDA:0,(anonymous_9)
FNDA:0,(anonymous_10)
FNDA:0,(anonymous_11)
FNDA:0,isPrimitive
FNDA:473,isTrueProperty
FNDA:0,isCheckedProperty
FNDA:0,transitionEnd
FNDA:0,unregister
FNDA:0,(anonymous_17)
FNDA:0,onTransitionEnd
FNDA:8,urlChange
FNDA:0,(anonymous_20)
FNDA:8,registerListener
FNDA:6,unregisterListener
FNDA:8,isPassive
FNDA:0,(anonymous_24)
FNDA:0,docReady
FNDA:0,(anonymous_26)
FNDA:0,completed
FNDA:0,pointerCoord
FNDA:0,isActive
FNDA:0,hasFocus
FNDA:0,focusOutActiveElement
FNDA:67,setElementClass
FNDA:67,hasClass
FNDA:67,addClass
FNDA:0,removeClass
FNDA:0,clamp
FNDA:5,defaults
FNDA:0,firstUpperCase
FNDA:0,parsePxUnit
DA:26,1
DA:35,3
DA:44,1
DA:53,1
DA:62,1
DA:71,1
DA:80,16
DA:89,1
DA:98,2
DA:107,1
DA:108,0
DA:120,1
DA:121,0
DA:133,1
DA:142,1
DA:143,0
DA:153,0
DA:166,473
DA:167,0
DA:168,0
DA:170,473
DA:189,0
DA:190,0
DA:191,0
DA:192,0
DA:193,0
DA:194,0
DA:195,0
DA:196,0
DA:201,0
DA:211,0
DA:214,0
DA:215,0
DA:220,0
DA:221,0
DA:222,0
DA:226,0
DA:227,0
DA:228,0
DA:231,0
DA:257,8
DA:258,8
DA:259,0
DA:260,0
DA:262,8
DA:263,8
DA:287,8
DA:295,8
DA:297,8
DA:298,6
DA:301,8
DA:305,0
DA:308,8
DA:316,8
DA:317,8
DA:318,8
DA:323,0
DA:328,8
DA:337,0
DA:339,0
DA:341,0
DA:342,0
DA:346,0
DA:350,0
DA:352,0
DA:353,0
DA:356,0
DA:359,0
DA:360,0
DA:361,0
DA:371,0
DA:372,0
DA:373,0
DA:374,0
DA:375,0
DA:377,0
DA:378,0
DA:379,0
DA:382,0
DA:407,0
DA:416,0
DA:450,0
DA:451,0
DA:461,67
DA:462,67
DA:464,0
DA:472,67
DA:476,67
DA:477,67
DA:482,0
DA:483,0
DA:484,0
DA:501,0
DA:579,5
DA:580,5
DA:581,5
DA:582,5
DA:583,3
DA:584,0
DA:589,5
DA:598,0
DA:609,0
LF:102
LH:40
BRDA:80,0,0,16
BRDA:80,0,1,16
BRDA:80,0,2,16
BRDA:89,1,0,0
BRDA:89,1,1,0
BRDA:143,2,0,0
BRDA:143,2,1,0
BRDA:153,3,0,0
BRDA:153,3,1,0
BRDA:153,3,2,0
BRDA:153,3,3,0
BRDA:166,4,0,0
BRDA:166,4,1,473
BRDA:168,5,0,0
BRDA:168,5,1,0
BRDA:168,5,2,0
BRDA:189,6,0,0
BRDA:189,6,1,0
BRDA:189,7,0,0
BRDA:189,7,1,0
BRDA:189,7,2,0
BRDA:190,8,0,0
BRDA:190,8,1,0
BRDA:190,8,2,0
BRDA:191,9,0,0
BRDA:191,9,1,0
BRDA:191,10,0,0
BRDA:191,10,1,0
BRDA:192,11,0,0
BRDA:192,11,1,0
BRDA:193,12,0,0
BRDA:193,12,1,0
BRDA:193,13,0,0
BRDA:193,13,1,0
BRDA:194,14,0,0
BRDA:194,14,1,0
BRDA:195,15,0,0
BRDA:195,15,1,0
BRDA:195,16,0,0
BRDA:195,16,1,0
BRDA:196,17,0,0
BRDA:196,17,1,0
BRDA:215,18,0,0
BRDA:215,18,1,0
BRDA:220,19,0,0
BRDA:220,19,1,0
BRDA:221,20,0,0
BRDA:221,20,1,0
BRDA:226,21,0,0
BRDA:226,21,1,0
BRDA:259,22,0,0
BRDA:259,22,1,0
BRDA:282,23,0,0
BRDA:287,24,0,0
BRDA:287,24,1,8
BRDA:301,25,0,0
BRDA:301,25,1,8
BRDA:302,26,0,8
BRDA:302,26,1,0
BRDA:339,27,0,0
BRDA:339,27,1,0
BRDA:346,28,0,0
BRDA:346,28,1,0
BRDA:347,29,0,0
BRDA:347,29,1,0
BRDA:371,30,0,0
BRDA:371,30,1,0
BRDA:373,31,0,0
BRDA:373,31,1,0
BRDA:373,32,0,0
BRDA:373,32,1,0
BRDA:378,33,0,0
BRDA:378,33,1,0
BRDA:407,34,0,0
BRDA:407,34,1,0
BRDA:416,35,0,0
BRDA:416,35,1,0
BRDA:451,36,0,0
BRDA:451,36,1,0
BRDA:451,36,2,0
BRDA:461,37,0,67
BRDA:461,37,1,0
BRDA:476,38,0,67
BRDA:476,38,1,0
BRDA:482,39,0,0
BRDA:482,39,1,0
BRDA:581,40,0,5
BRDA:581,40,1,0
BRDA:583,41,0,0
BRDA:583,41,1,3
BRDA:583,42,0,3
BRDA:583,42,1,3
BRDA:609,43,0,0
BRDA:609,43,1,0
BRDA:609,44,0,0
BRDA:609,44,1,0
BRF:96
BRH:13
end_of_record
TN:
SF:/Volumes/Data/Eric/Develop/Repository/Vimo/src/dist.js
FNF:0
FNH:0
DA:63,1
DA:64,1
DA:65,1
DA:69,1
DA:152,1
DA:153,1
DA:155,1
DA:156,1
DA:157,1
DA:158,1
DA:159,1
DA:160,1
DA:161,1
DA:162,1
DA:163,1
DA:164,1
DA:165,1
DA:167,1
DA:168,1
DA:169,1
DA:170,1
DA:171,1
DA:172,1
DA:173,1
DA:174,1
DA:175,1
DA:176,1
DA:177,1
DA:178,1
DA:179,1
DA:180,1
DA:181,1
DA:182,1
DA:183,1
DA:184,1
DA:185,1
DA:186,1
DA:187,1
DA:188,1
DA:189,1
DA:190,1
DA:191,1
DA:192,1
DA:193,1
DA:194,1
DA:195,1
DA:196,1
DA:197,1
DA:198,1
DA:199,1
DA:200,1
DA:201,1
DA:202,1
DA:203,1
DA:204,1
DA:205,1
DA:206,1
DA:207,1
DA:208,1
DA:209,1
DA:210,1
DA:211,1
DA:212,1
DA:213,1
DA:214,1
DA:215,1
DA:216,1
DA:217,1
DA:218,1
DA:219,1
DA:220,1
DA:221,1
DA:222,1
DA:223,1
DA:224,1
DA:225,1
DA:226,1
DA:227,1
DA:228,1
DA:229,1
DA:230,1
DA:232,1
LF:82
LH:82
BRDA:64,0,0,1
BRDA:64,0,1,0
BRDA:64,1,0,1
BRDA:64,1,1,1
BRDA:64,1,2,1
BRDA:64,1,3,1
BRDA:64,1,4,1
BRDA:64,1,5,1
BRDA:151,2,0,0
BRDA:152,3,0,0
BRDA:152,3,1,1
BRF:11
BRH:8
end_of_record
TN:
SF:/Volumes/Data/Eric/Develop/Repository/Vimo/src/core.js
FN:14,(anonymous_0)
FN:22,core
FNF:2
FNH:2
FNDA:1,(anonymous_0)
FNDA:1,core
DA:13,1
DA:14,1
DA:16,1
DA:19,1
DA:23,1
DA:26,1
DA:29,1
DA:30,1
DA:31,1
DA:34,1
DA:43,1
DA:44,1
DA:45,1
DA:48,1
DA:49,1
DA:50,1
DA:51,1
DA:52,1
DA:53,1
DA:54,1
DA:57,1
DA:60,1
DA:61,1
DA:62,1
LF:24
LH:24
BRDA:19,0,0,1
BRDA:19,0,1,1
BRDA:19,0,2,1
BRDA:38,1,0,1
BRDA:38,1,1,0
BRF:5
BRH:4
end_of_record
TN:
SF:/Volumes/Data/Eric/Develop/Repository/Vimo/src/components/base/config.js
FN:90,(anonymous_0)
FN:91,(anonymous_1)
FN:92,(anonymous_2)
FN:98,(anonymous_3)
FN:116,(anonymous_4)
FN:128,(anonymous_5)
FN:212,(anonymous_6)
FN:230,(anonymous_7)
FN:247,(anonymous_8)
FN:288,(anonymous_9)
FN:314,(anonymous_10)
FN:324,setupConfig
FNF:12
FNH:12
FNDA:100,(anonymous_0)
FNDA:247,(anonymous_1)
FNDA:2,(anonymous_2)
FNDA:2,(anonymous_3)
FNDA:2,(anonymous_4)
FNDA:104,(anonymous_5)
FNDA:18,(anonymous_6)
FNDA:2,(anonymous_7)
FNDA:2,(anonymous_8)
FNDA:4,(anonymous_9)
FNDA:1,(anonymous_10)
FNDA:2,setupConfig
DA:90,100
DA:91,247
DA:92,2
DA:93,1
DA:95,1
DA:102,2
DA:103,2
DA:104,2
DA:117,2
DA:119,2
DA:129,104
DA:132,104
DA:133,26
DA:135,1
DA:142,25
DA:144,25
DA:146,25
DA:148,25
DA:149,25
DA:150,3
DA:151,1
DA:152,2
DA:153,1
DA:155,1
DA:157,3
DA:161,22
DA:164,22
DA:165,30
DA:166,17
DA:167,17
DA:168,11
DA:169,3
DA:176,30
DA:177,30
DA:178,30
DA:180,6
DA:189,22
DA:196,100
DA:198,100
DA:199,1
DA:202,100
DA:213,18
DA:214,18
DA:215,3
DA:217,15
DA:218,1
DA:220,14
DA:231,2
DA:232,2
DA:248,2
DA:249,2
DA:251,2
DA:255,1
DA:256,1
DA:257,1
DA:264,1
DA:265,1
DA:266,1
DA:267,1
DA:268,1
DA:271,2
DA:289,4
DA:291,1
DA:295,2
DA:296,2
DA:297,2
DA:301,1
DA:302,1
DA:303,1
DA:304,1
DA:307,3
DA:315,1
DA:325,2
DA:326,2
DA:327,2
LF:75
LH:75
BRDA:118,0,0,2
BRDA:118,0,1,0
BRDA:118,1,0,2
BRDA:118,1,1,2
BRDA:118,1,2,2
BRDA:128,2,0,39
BRDA:132,3,0,26
BRDA:132,3,1,78
BRDA:133,4,0,1
BRDA:133,4,1,25
BRDA:146,5,0,25
BRDA:146,5,1,0
BRDA:149,6,0,3
BRDA:149,6,1,22
BRDA:150,7,0,1
BRDA:150,7,1,2
BRDA:152,8,0,1
BRDA:152,8,1,1
BRDA:165,9,0,17
BRDA:165,9,1,13
BRDA:167,10,0,11
BRDA:167,10,1,6
BRDA:168,11,0,3
BRDA:168,11,1,8
BRDA:177,12,0,30
BRDA:177,12,1,0
BRDA:177,13,0,30
BRDA:177,13,1,30
BRDA:178,14,0,6
BRDA:178,14,1,24
BRDA:189,15,0,3
BRDA:189,15,1,19
BRDA:191,16,0,9
BRDA:191,16,1,10
BRDA:193,17,0,6
BRDA:193,17,1,4
BRDA:198,18,0,1
BRDA:198,18,1,99
BRDA:202,19,0,95
BRDA:202,19,1,5
BRDA:212,20,0,4
BRDA:214,21,0,3
BRDA:214,21,1,15
BRDA:217,22,0,1
BRDA:217,22,1,14
BRDA:230,23,0,1
BRDA:232,24,0,1
BRDA:232,24,1,1
BRDA:251,25,0,1
BRDA:251,25,1,1
BRDA:264,26,0,1
BRDA:264,26,1,1
BRDA:265,27,0,1
BRDA:265,27,1,1
BRDA:289,28,0,1
BRDA:289,28,1,2
BRDA:289,28,2,1
BRDA:301,29,0,1
BRDA:301,29,1,0
BRDA:324,30,0,0
BRDA:324,31,0,0
BRF:61
BRH:55
end_of_record
TN:
SF:/Volumes/Data/Eric/Develop/Repository/Vimo/src/components/base/history.js
FN:20,(anonymous_0)
FN:39,(anonymous_1)
FN:56,(anonymous_2)
FN:69,(anonymous_3)
FN:77,(anonymous_4)
FN:110,(anonymous_5)
FN:119,(anonymous_6)
FN:154,(anonymous_7)
FN:166,(anonymous_8)
FN:174,(anonymous_9)
FN:182,(anonymous_10)
FN:198,(anonymous_11)
FN:223,setupHistory
FNF:13
FNH:5
FNDA:1,(anonymous_0)
FNDA:0,(anonymous_1)
FNDA:0,(anonymous_2)
FNDA:0,(anonymous_3)
FNDA:0,(anonymous_4)
FNDA:10,(anonymous_5)
FNDA:0,(anonymous_6)
FNDA:0,(anonymous_7)
FNDA:7,(anonymous_8)
FNDA:10,(anonymous_9)
FNDA:0,(anonymous_10)
FNDA:0,(anonymous_11)
FNDA:1,setupHistory
DA:21,1
DA:22,1
DA:23,1
DA:24,1
DA:25,1
DA:26,1
DA:27,1
DA:31,1
DA:32,1
DA:37,1
DA:38,1
DA:39,1
DA:40,0
DA:41,0
DA:42,0
DA:43,0
DA:45,0
DA:46,0
DA:50,1
DA:54,0
DA:55,0
DA:56,0
DA:58,0
DA:59,0
DA:60,0
DA:67,0
DA:68,0
DA:69,0
DA:70,0
DA:71,0
DA:72,0
DA:77,1
DA:79,0
DA:80,0
DA:81,0
DA:82,0
DA:83,0
DA:84,0
DA:92,0
DA:95,0
DA:96,0
DA:97,0
DA:98,0
DA:99,0
DA:104,0
DA:111,10
DA:120,0
DA:122,0
DA:125,0
DA:126,0
DA:131,0
DA:132,0
DA:133,0
DA:134,0
DA:137,0
DA:139,0
DA:142,0
DA:144,0
DA:145,0
DA:146,0
DA:156,0
DA:157,0
DA:158,0
DA:167,7
DA:175,10
DA:183,0
DA:200,0
DA:201,0
DA:202,0
DA:203,0
DA:204,0
DA:205,0
DA:206,0
DA:207,0
DA:208,0
DA:209,0
DA:210,0
DA:211,0
DA:216,0
DA:217,0
DA:224,1
LF:81
LH:18
BRDA:31,0,0,1
BRDA:31,0,1,0
BRDA:43,1,0,0
BRDA:43,1,1,0
BRDA:43,2,0,0
BRDA:43,2,1,0
BRDA:50,3,0,0
BRDA:50,3,1,1
BRDA:58,4,0,0
BRDA:58,4,1,0
BRDA:59,5,0,0
BRDA:59,5,1,0
BRDA:70,6,0,0
BRDA:70,6,1,0
BRDA:71,7,0,0
BRDA:71,7,1,0
BRDA:79,8,0,0
BRDA:79,8,1,0
BRDA:84,9,0,0
BRDA:84,9,1,0
BRDA:97,10,0,0
BRDA:97,10,1,0
BRDA:120,11,0,0
BRDA:120,11,1,0
BRDA:120,12,0,0
BRDA:120,12,1,0
BRDA:126,13,0,0
BRDA:126,13,1,0
BRDA:127,14,0,0
BRDA:127,14,1,0
BRDA:127,14,2,0
BRDA:133,15,0,0
BRDA:133,15,1,0
BRDA:139,16,0,0
BRDA:139,16,1,0
BRDA:142,17,0,0
BRDA:142,17,1,0
BRDA:154,18,0,0
BRDA:200,19,0,0
BRDA:200,19,1,0
BRDA:201,20,0,0
BRDA:201,20,1,0
BRDA:202,21,0,0
BRDA:202,21,1,0
BRDA:206,22,0,0
BRDA:206,22,1,0
BRDA:206,23,0,0
BRDA:206,23,1,0
BRDA:206,23,2,0
BRDA:216,24,0,0
BRDA:216,24,1,0
BRF:51
BRH:2
end_of_record
TN:
SF:/Volumes/Data/Eric/Develop/Repository/Vimo/src/components/base/platform.js
FN:41,(anonymous_0)
FN:43,(anonymous_1)
FN:90,(anonymous_2)
FN:99,(anonymous_3)
FN:107,(anonymous_4)
FN:116,(anonymous_5)
FN:139,(anonymous_6)
FN:148,(anonymous_7)
FN:157,(anonymous_8)
FN:175,(anonymous_9)
FN:186,(anonymous_10)
FN:194,(anonymous_11)
FN:201,(anonymous_12)
FN:209,(anonymous_13)
FN:222,(anonymous_14)
FN:231,(anonymous_15)
FN:239,(anonymous_16)
FN:247,(anonymous_17)
FN:255,(anonymous_18)
FN:263,(anonymous_19)
FN:272,(anonymous_20)
FN:282,(anonymous_21)
FN:293,(anonymous_22)
FN:303,(anonymous_23)
FN:312,(anonymous_24)
FN:322,(anonymous_25)
FN:332,(anonymous_26)
FN:339,(anonymous_27)
FN:382,(anonymous_28)
FN:391,(anonymous_29)
FN:399,(anonymous_30)
FN:408,(anonymous_31)
FN:419,(anonymous_32)
FN:429,(anonymous_33)
FN:439,(anonymous_34)
FN:457,(anonymous_35)
FN:479,(anonymous_36)
FN:505,(anonymous_37)
FN:601,(anonymous_38)
FN:629,(anonymous_39)
FN:640,(anonymous_40)
FN:645,(anonymous_41)
FN:654,(anonymous_42)
FN:662,(anonymous_43)
FN:670,(anonymous_44)
FN:679,(anonymous_45)
FN:703,(anonymous_46)
FN:736,(anonymous_47)
FN:759,insertSuperset
FN:787,(anonymous_49)
FN:795,(anonymous_50)
FN:802,(anonymous_51)
FN:825,setupPlatform
FN:844,(anonymous_53)
FNF:54
FNH:41
FNDA:4,(anonymous_0)
FNDA:4,(anonymous_1)
FNDA:12,(anonymous_2)
FNDA:22,(anonymous_3)
FNDA:1,(anonymous_4)
FNDA:1,(anonymous_5)
FNDA:11,(anonymous_6)
FNDA:4,(anonymous_7)
FNDA:0,(anonymous_8)
FNDA:4,(anonymous_9)
FNDA:0,(anonymous_10)
FNDA:1,(anonymous_11)
FNDA:0,(anonymous_12)
FNDA:0,(anonymous_13)
FNDA:4,(anonymous_14)
FNDA:6,(anonymous_15)
FNDA:5,(anonymous_16)
FNDA:25,(anonymous_17)
FNDA:5,(anonymous_18)
FNDA:4,(anonymous_19)
FNDA:4,(anonymous_20)
FNDA:4,(anonymous_21)
FNDA:4,(anonymous_22)
FNDA:0,(anonymous_23)
FNDA:0,(anonymous_24)
FNDA:0,(anonymous_25)
FNDA:0,(anonymous_26)
FNDA:5,(anonymous_27)
FNDA:4,(anonymous_28)
FNDA:30,(anonymous_29)
FNDA:0,(anonymous_30)
FNDA:4,(anonymous_31)
FNDA:0,(anonymous_32)
FNDA:0,(anonymous_33)
FNDA:2,(anonymous_34)
FNDA:0,(anonymous_35)
FNDA:27,(anonymous_36)
FNDA:5,(anonymous_37)
FNDA:35,(anonymous_38)
FNDA:42,(anonymous_39)
FNDA:0,(anonymous_40)
FNDA:6,(anonymous_41)
FNDA:37,(anonymous_42)
FNDA:7,(anonymous_43)
FNDA:7,(anonymous_44)
FNDA:7,(anonymous_45)
FNDA:37,(anonymous_46)
FNDA:3,(anonymous_47)
FNDA:6,insertSuperset
FNDA:5,(anonymous_49)
FNDA:52,(anonymous_50)
FNDA:5,(anonymous_51)
FNDA:4,setupPlatform
FNDA:28,(anonymous_53)
DA:43,4
DA:44,4
DA:45,4
DA:48,4
DA:50,4
DA:52,4
DA:54,4
DA:55,4
DA:57,4
DA:58,4
DA:59,4
DA:61,4
DA:62,4
DA:63,4
DA:64,4
DA:65,4
DA:67,4
DA:69,4
DA:71,4
DA:91,12
DA:100,22
DA:108,1
DA:117,1
DA:118,3
DA:119,1
DA:122,0
DA:140,11
DA:149,4
DA:158,0
DA:176,4
DA:187,0
DA:195,1
DA:202,0
DA:210,0
DA:215,0
DA:223,4
DA:224,4
DA:232,6
DA:240,5
DA:248,25
DA:256,5
DA:264,4
DA:273,4
DA:283,4
DA:284,4
DA:285,4
DA:294,4
DA:304,0
DA:305,0
DA:313,0
DA:314,0
DA:323,0
DA:324,0
DA:333,0
DA:340,5
DA:341,5
DA:343,0
DA:345,0
DA:346,0
DA:348,0
DA:350,0
DA:351,0
DA:354,5
DA:357,0
DA:360,5
DA:362,5
DA:363,5
DA:365,5
DA:367,5
DA:368,5
DA:383,4
DA:392,30
DA:400,0
DA:409,4
DA:420,0
DA:421,0
DA:430,0
DA:431,0
DA:440,2
DA:441,2
DA:442,2
DA:443,2
DA:458,0
DA:459,0
DA:461,0
DA:481,27
DA:482,27
DA:483,0
DA:486,27
DA:488,27
DA:490,27
DA:491,45
DA:492,3
DA:493,2
DA:494,0
DA:497,3
DA:501,24
DA:507,5
DA:509,5
DA:517,5
DA:519,35
DA:520,35
DA:524,2
DA:527,0
DA:528,2
DA:535,2
DA:541,5
DA:542,4
DA:548,5
DA:551,5
DA:555,0
DA:556,0
DA:557,0
DA:561,5
DA:562,5
DA:563,6
DA:564,6
DA:569,5
DA:570,5
DA:571,1
DA:572,1
DA:575,5
DA:578,5
DA:579,7
DA:581,7
DA:584,7
DA:587,7
DA:590,7
DA:605,35
DA:606,35
DA:608,35
DA:609,2
DA:610,2
DA:611,2
DA:612,1
DA:613,1
DA:616,35
DA:630,42
DA:631,42
DA:632,42
DA:633,42
DA:634,42
DA:635,42
DA:636,42
DA:641,0
DA:646,6
DA:655,37
DA:663,7
DA:671,7
DA:680,7
DA:681,2
DA:682,2
DA:683,2
DA:684,2
DA:685,2
DA:686,2
DA:687,2
DA:705,37
DA:707,3
DA:709,3
DA:710,2
DA:713,1
DA:714,1
DA:716,1
DA:717,2
DA:718,2
DA:720,2
DA:721,2
DA:722,1
DA:723,1
DA:728,34
DA:737,3
DA:738,3
DA:739,3
DA:740,21
DA:742,21
DA:746,2
DA:750,3
DA:760,6
DA:761,6
DA:764,1
DA:765,1
DA:766,1
DA:767,1
DA:768,0
DA:770,1
DA:788,5
DA:789,5
DA:796,52
DA:803,5
DA:804,5
DA:805,5
DA:806,1
DA:807,1
DA:808,3
DA:809,3
DA:810,3
DA:811,3
DA:817,5
DA:826,4
DA:827,4
DA:829,4
DA:830,4
DA:831,1
DA:832,1
DA:833,1
DA:834,5
DA:835,5
DA:836,5
DA:839,3
DA:844,4
DA:845,28
DA:847,4
DA:848,4
DA:850,4
DA:851,4
DA:852,4
DA:853,4
DA:854,4
DA:855,4
DA:858,4
DA:860,4
DA:865,4
DA:866,4
LF:224
LH:188
BRDA:118,0,0,1
BRDA:118,0,1,2
BRDA:210,1,0,0
BRDA:210,1,1,0
BRDA:211,2,0,0
BRDA:211,2,1,0
BRDA:211,2,2,0
BRDA:232,3,0,6
BRDA:232,3,1,4
BRDA:264,4,0,4
BRDA:264,4,1,4
BRDA:284,5,0,4
BRDA:284,5,1,0
BRDA:305,6,0,0
BRDA:305,6,1,0
BRDA:314,7,0,0
BRDA:314,7,1,0
BRDA:340,8,0,5
BRDA:340,8,1,0
BRDA:340,9,0,5
BRDA:340,9,1,5
BRDA:341,10,0,0
BRDA:341,10,1,5
BRDA:343,11,0,0
BRDA:343,11,1,0
BRDA:348,12,0,0
BRDA:348,12,1,0
BRDA:354,13,0,0
BRDA:354,13,1,5
BRDA:360,14,0,5
BRDA:360,14,1,0
BRDA:365,15,0,5
BRDA:365,15,1,0
BRDA:383,16,0,4
BRDA:383,16,1,0
BRDA:392,17,0,30
BRDA:392,17,1,0
BRDA:440,18,0,2
BRDA:440,18,1,0
BRDA:440,19,0,2
BRDA:440,19,1,2
BRDA:442,20,0,2
BRDA:442,20,1,0
BRDA:458,21,0,0
BRDA:458,21,1,0
BRDA:478,22,0,15
BRDA:482,23,0,0
BRDA:482,23,1,27
BRDA:486,24,0,27
BRDA:486,24,1,5
BRDA:491,25,0,3
BRDA:491,25,1,42
BRDA:493,26,0,0
BRDA:493,26,1,2
BRDA:520,27,0,2
BRDA:520,27,1,33
BRDA:524,28,0,0
BRDA:524,28,1,2
BRDA:528,29,0,2
BRDA:528,29,1,0
BRDA:529,30,0,2
BRDA:529,30,1,1
BRDA:541,31,0,4
BRDA:541,31,1,1
BRDA:548,32,0,5
BRDA:548,32,1,0
BRDA:551,33,0,0
BRDA:551,33,1,5
BRDA:608,34,0,2
BRDA:608,34,1,33
BRDA:636,35,0,42
BRDA:636,35,1,42
BRDA:641,36,0,0
BRDA:641,36,1,0
BRDA:655,37,0,37
BRDA:655,37,1,27
BRDA:663,38,0,7
BRDA:663,38,1,0
BRDA:671,39,0,7
BRDA:671,39,1,1
BRDA:680,40,0,2
BRDA:680,40,1,5
BRDA:682,41,0,2
BRDA:682,41,1,0
BRDA:683,42,0,0
BRDA:683,42,1,2
BRDA:684,43,0,0
BRDA:684,43,1,2
BRDA:685,44,0,1
BRDA:685,44,1,1
BRDA:686,45,0,2
BRDA:686,45,1,0
BRDA:705,46,0,3
BRDA:705,46,1,34
BRDA:709,47,0,2
BRDA:709,47,1,1
BRDA:721,48,0,1
BRDA:721,48,1,1
BRDA:742,49,0,2
BRDA:742,49,1,19
BRDA:743,50,0,21
BRDA:743,50,1,6
BRDA:761,51,0,1
BRDA:761,51,1,5
BRDA:767,52,0,0
BRDA:767,52,1,1
BRDA:787,53,0,4
BRDA:803,54,0,5
BRDA:803,54,1,0
BRDA:805,55,0,1
BRDA:805,55,1,4
BRDA:808,56,0,3
BRDA:808,56,1,0
BRDA:810,57,0,3
BRDA:810,57,1,0
BRDA:825,58,0,2
BRDA:830,59,0,1
BRDA:830,59,1,3
BRDA:830,60,0,4
BRDA:830,60,1,1
BRDA:845,61,0,28
BRDA:845,61,1,24
BRDA:845,61,2,20
BRDA:853,62,0,4
BRDA:853,62,1,4
BRDA:854,63,0,4
BRDA:854,63,1,4
BRDA:855,64,0,4
BRDA:855,64,1,4
BRF:129
BRH:87
end_of_record
TN:
SF:/Volumes/Data/Eric/Develop/Repository/Vimo/src/components/base/platform-default-configs.js
FNF:0
FNH:0
DA:44,6
DA:51,0
DA:77,6
DA:84,1
LF:4
LH:3
BRF:0
BRH:0
end_of_record
TN:
SF:/Volumes/Data/Eric/Develop/Repository/Vimo/src/util/getCss.js
FN:8,(anonymous_0)
FN:28,(anonymous_1)
FNF:2
FNH:2
FNDA:1,(anonymous_0)
FNDA:1,(anonymous_1)
DA:9,1
DA:21,1
DA:22,1
DA:24,0
DA:29,1
DA:30,1
DA:33,1
DA:40,1
DA:41,1
DA:42,1
DA:43,1
DA:48,1
DA:49,1
DA:50,1
DA:51,1
DA:52,1
DA:57,1
DA:60,1
DA:63,1
DA:67,1
DA:70,1
DA:73,1
DA:76,1
DA:77,1
LF:24
LH:23
BRDA:21,0,0,1
BRDA:21,0,1,0
BRDA:41,1,0,1
BRDA:41,1,1,0
BRDA:50,2,0,1
BRDA:50,2,1,0
BRDA:60,3,0,1
BRDA:60,3,1,0
BRDA:64,4,0,1
BRDA:64,4,1,0
BRDA:67,5,0,1
BRDA:67,5,1,0
BRDA:70,6,0,1
BRDA:70,6,1,0
BRDA:73,7,0,1
BRDA:73,7,1,0
BRDA:76,8,0,1
BRDA:76,8,1,0
BRF:18
BRH:9
end_of_record
TN:
SF:/Volumes/Data/Eric/Develop/Repository/Vimo/src/components/base/app/app.vue
FN:166,(anonymous_0)
FN:171,(anonymous_1)
FN:191,(anonymous_2)
FN:222,(anonymous_3)
FN:237,(anonymous_4)
FN:238,(anonymous_5)
FN:259,(anonymous_6)
FN:262,(anonymous_7)
FN:265,(anonymous_8)
FNF:9
FNH:9
FNDA:1,(anonymous_0)
FNDA:1,(anonymous_1)
FNDA:1,(anonymous_2)
FNDA:3,(anonymous_3)
FNDA:1,(anonymous_4)
FNDA:1,(anonymous_5)
FNDA:13,(anonymous_6)
FNDA:14,(anonymous_7)
FNDA:15,(anonymous_8)
DA:110,1
DA:111,1
DA:112,1
DA:114,1
DA:118,15
DA:133,14
DA:138,15
DA:141,15
DA:144,15
DA:145,15
DA:162,2
DA:163,2
DA:164,2
DA:166,1
DA:167,1
DA:171,1
DA:172,1
DA:188,2
DA:189,1
DA:190,1
DA:191,1
DA:192,1
DA:205,1
DA:206,1
DA:218,3
DA:219,3
DA:222,3
DA:223,3
DA:224,3
DA:225,2
DA:227,1
DA:230,1
DA:231,1
DA:233,1
DA:234,1
DA:235,1
DA:236,1
DA:237,1
DA:238,1
DA:239,1
DA:242,1
DA:249,15
DA:250,15
DA:255,15
DA:256,15
DA:258,15
DA:259,15
DA:260,13
DA:262,15
DA:263,14
DA:265,15
DA:266,15
DA:270,15
DA:273,15
DA:274,15
DA:276,15
LF:56
LH:56
BRDA:127,0,0,15
BRDA:127,0,1,15
BRDA:133,1,0,14
BRDA:133,1,1,14
BRDA:133,1,2,0
BRDA:145,2,0,0
BRDA:145,2,1,15
BRDA:161,3,0,1
BRDA:162,4,0,1
BRDA:162,4,1,1
BRDA:164,5,0,1
BRDA:164,5,1,1
BRDA:187,6,0,1
BRDA:188,7,0,1
BRDA:188,7,1,1
BRDA:188,8,0,2
BRDA:188,8,1,1
BRDA:204,9,0,0
BRDA:205,10,0,1
BRDA:205,10,1,0
BRDA:218,11,0,3
BRDA:218,11,1,0
BRDA:223,12,0,3
BRDA:223,12,1,3
BRDA:223,12,2,1
BRDA:224,13,0,2
BRDA:224,13,1,1
BRDA:225,14,0,1
BRDA:225,14,1,1
BRDA:225,15,0,2
BRDA:225,15,1,2
BRDA:227,16,0,1
BRDA:227,16,1,0
BRDA:273,17,0,15
BRDA:273,17,1,0
BRF:35
BRH:28
end_of_record
TN:
SF:/Volumes/Data/Eric/Develop/Repository/Vimo/src/components/base/app/click-block.js
FN:11,(anonymous_0)
FN:25,(anonymous_1)
FN:26,(anonymous_2)
FN:35,(anonymous_3)
FN:47,(anonymous_4)
FN:57,(anonymous_5)
FN:71,(anonymous_6)
FNF:7
FNH:7
FNDA:1,(anonymous_0)
FNDA:2,(anonymous_1)
FNDA:2,(anonymous_2)
FNDA:2,(anonymous_3)
FNDA:3,(anonymous_4)
FNDA:3,(anonymous_5)
FNDA:2,(anonymous_6)
DA:8,1
DA:13,1
DA:15,1
DA:16,1
DA:26,2
DA:27,2
DA:28,2
DA:31,2
DA:32,2
DA:33,1
DA:35,2
DA:36,2
DA:37,2
DA:48,3
DA:49,2
DA:50,2
DA:58,3
DA:59,3
DA:60,3
DA:62,0
DA:72,2
LF:21
LH:20
BRDA:25,0,0,0
BRDA:27,1,0,2
BRDA:27,1,1,0
BRDA:32,2,0,1
BRDA:32,2,1,1
BRDA:48,3,0,2
BRDA:48,3,1,1
BRDA:59,4,0,3
BRDA:59,4,1,0
BRDA:59,5,0,3
BRDA:59,5,1,3
BRDA:72,6,0,2
BRDA:72,6,1,0
BRF:13
BRH:9
end_of_record
TN:
SF:/Volumes/Data/Eric/Develop/Repository/Vimo/src/components/base/app/header.vue
FNF:0
FNH:0
DA:54,8
DA:66,1
DA:75,1
DA:84,1
DA:95,1
LF:5
LH:5
BRF:0
BRH:0
end_of_record
TN:
SF:/Volumes/Data/Eric/Develop/Repository/Vimo/src/components/base/app/footer.vue
FNF:0
FNH:0
DA:44,8
DA:58,1
DA:67,1
DA:76,1
DA:87,1
LF:5
LH:5
BRF:0
BRH:0
end_of_record
TN:
SF:/Volumes/Data/Eric/Develop/Repository/Vimo/src/components/base/nav/nav.vue
FN:93,(anonymous_0)
FN:101,(anonymous_1)
FN:103,(anonymous_2)
FN:109,(anonymous_3)
FN:124,(anonymous_4)
FN:150,(anonymous_5)
FN:154,(anonymous_6)
FN:157,(anonymous_7)
FNF:8
FNH:0
FNDA:0,(anonymous_0)
FNDA:0,(anonymous_1)
FNDA:0,(anonymous_2)
FNDA:0,(anonymous_3)
FNDA:0,(anonymous_4)
FNDA:0,(anonymous_5)
FNDA:0,(anonymous_6)
FNDA:0,(anonymous_7)
DA:59,0
DA:64,0
DA:68,0
DA:90,0
DA:92,0
DA:93,0
DA:94,0
DA:95,0
DA:96,0
DA:100,0
DA:101,0
DA:102,0
DA:103,0
DA:104,0
DA:105,0
DA:107,0
DA:109,0
DA:110,0
DA:111,0
DA:124,0
DA:125,0
DA:134,0
DA:135,0
DA:136,0
DA:137,0
DA:138,0
DA:139,0
DA:140,0
DA:150,0
DA:151,0
DA:152,0
DA:154,0
DA:155,0
DA:157,0
DA:158,0
DA:164,0
DA:167,0
LF:37
LH:0
BRDA:59,0,0,0
BRDA:59,0,1,0
BRDA:64,1,0,0
BRDA:64,1,1,0
BRDA:90,2,0,0
BRDA:90,2,1,0
BRDA:95,3,0,0
BRDA:95,3,1,0
BRDA:100,4,0,0
BRDA:100,4,1,0
BRDA:104,5,0,0
BRDA:104,5,1,0
BRDA:110,6,0,0
BRDA:110,6,1,0
BRDA:125,7,0,0
BRDA:125,7,1,0
BRDA:134,8,0,0
BRDA:134,8,1,0
BRF:18
BRH:0
end_of_record
TN:
SF:/Volumes/Data/Eric/Develop/Repository/Vimo/src/components/base/page/page.vue
FNF:0
FNH:0
DA:84,1
DA:88,7
DA:93,7
DA:94,7
DA:95,5
DA:96,2
DA:97,1
DA:99,1
LF:8
LH:8
BRDA:94,0,0,5
BRDA:94,0,1,2
BRDA:96,1,0,1
BRDA:96,1,1,1
BRF:4
BRH:4
end_of_record
TN:
SF:/Volumes/Data/Eric/Develop/Repository/Vimo/src/components/base/content/content.vue
FN:205,(anonymous_0)
FN:306,(anonymous_1)
FN:316,(anonymous_2)
FN:331,(anonymous_3)
FN:374,(anonymous_4)
FN:482,(anonymous_5)
FN:510,(anonymous_6)
FN:546,(anonymous_7)
FN:568,(anonymous_8)
FN:573,(anonymous_9)
FN:579,(anonymous_10)
FN:602,removeArrayItem
FN:615,cssFormat
FN:627,sortTopToBottom
FN:647,updateImgs
FN:716,(anonymous_15)
FN:720,(anonymous_16)
FN:723,(anonymous_17)
FNF:18
FNH:0
FNDA:0,(anonymous_0)
FNDA:0,(anonymous_1)
FNDA:0,(anonymous_2)
FNDA:0,(anonymous_3)
FNDA:0,(anonymous_4)
FNDA:0,(anonymous_5)
FNDA:0,(anonymous_6)
FNDA:0,(anonymous_7)
FNDA:0,(anonymous_8)
FNDA:0,(anonymous_9)
FNDA:0,(anonymous_10)
FNDA:0,removeArrayItem
FNDA:0,cssFormat
FNDA:0,sortTopToBottom
FNDA:0,updateImgs
FNDA:0,(anonymous_15)
FNDA:0,(anonymous_16)
FNDA:0,(anonymous_17)
DA:125,0
DA:129,0
DA:162,0
DA:163,0
DA:175,0
DA:176,0
DA:177,0
DA:178,0
DA:179,0
DA:180,0
DA:181,0
DA:182,0
DA:183,0
DA:185,0
DA:205,0
DA:206,0
DA:220,0
DA:231,0
DA:232,0
DA:244,0
DA:245,0
DA:264,0
DA:265,0
DA:280,0
DA:281,0
DA:291,0
DA:293,0
DA:298,0
DA:299,0
DA:306,0
DA:307,0
DA:308,0
DA:316,0
DA:317,0
DA:318,0
DA:321,0
DA:323,0
DA:331,0
DA:332,0
DA:333,0
DA:336,0
DA:342,0
DA:351,0
DA:352,0
DA:353,0
DA:354,0
DA:357,0
DA:358,0
DA:359,0
DA:360,0
DA:365,0
DA:366,0
DA:368,0
DA:373,0
DA:374,0
DA:375,0
DA:376,0
DA:377,0
DA:378,0
DA:379,0
DA:380,0
DA:381,0
DA:382,0
DA:383,0
DA:384,0
DA:389,0
DA:390,0
DA:391,0
DA:392,0
DA:393,0
DA:397,0
DA:398,0
DA:401,0
DA:402,0
DA:405,0
DA:406,0
DA:407,0
DA:411,0
DA:412,0
DA:413,0
DA:414,0
DA:417,0
DA:418,0
DA:419,0
DA:422,0
DA:423,0
DA:427,0
DA:428,0
DA:430,0
DA:431,0
DA:434,0
DA:435,0
DA:437,0
DA:438,0
DA:441,0
DA:444,0
DA:445,0
DA:446,0
DA:447,0
DA:448,0
DA:449,0
DA:450,0
DA:453,0
DA:462,0
DA:471,0
DA:481,0
DA:482,0
DA:483,0
DA:494,0
DA:501,0
DA:508,0
DA:509,0
DA:510,0
DA:511,0
DA:521,0
DA:529,0
DA:531,0
DA:532,0
DA:541,0
DA:542,0
DA:543,0
DA:544,0
DA:545,0
DA:546,0
DA:547,0
DA:550,0
DA:557,0
DA:558,0
DA:559,0
DA:560,0
DA:561,0
DA:564,0
DA:567,0
DA:568,0
DA:569,0
DA:572,0
DA:573,0
DA:574,0
DA:575,0
DA:578,0
DA:579,0
DA:580,0
DA:581,0
DA:585,0
DA:588,0
DA:592,0
DA:603,0
DA:606,0
DA:616,0
DA:628,0
DA:629,0
DA:631,0
DA:632,0
DA:634,0
DA:654,0
DA:655,0
DA:656,0
DA:660,0
DA:661,0
DA:663,0
DA:665,0
DA:667,0
DA:668,0
DA:669,0
DA:672,0
DA:674,0
DA:675,0
DA:676,0
DA:677,0
DA:680,0
DA:683,0
DA:684,0
DA:688,0
DA:690,0
DA:691,0
DA:692,0
DA:695,0
DA:697,0
DA:698,0
DA:699,0
DA:700,0
DA:703,0
DA:706,0
DA:707,0
DA:711,0
DA:712,0
DA:716,0
DA:718,0
DA:720,0
DA:723,0
LF:190
LH:0
BRDA:125,0,0,0
BRDA:125,0,1,0
BRDA:125,0,2,0
BRDA:176,1,0,0
BRDA:176,1,1,0
BRDA:219,2,0,0
BRDA:229,3,0,0
BRDA:231,4,0,0
BRDA:231,4,1,0
BRDA:242,5,0,0
BRDA:244,6,0,0
BRDA:244,6,1,0
BRDA:263,7,0,0
BRDA:264,8,0,0
BRDA:264,8,1,0
BRDA:279,9,0,0
BRDA:279,10,0,0
BRDA:279,11,0,0
BRDA:280,12,0,0
BRDA:280,12,1,0
BRDA:291,13,0,0
BRDA:291,13,1,0
BRDA:308,14,0,0
BRDA:308,14,1,0
BRDA:318,15,0,0
BRDA:318,15,1,0
BRDA:333,16,0,0
BRDA:333,16,1,0
BRDA:352,17,0,0
BRDA:352,17,1,0
BRDA:358,18,0,0
BRDA:358,18,1,0
BRDA:365,19,0,0
BRDA:365,19,1,0
BRDA:377,20,0,0
BRDA:377,20,1,0
BRDA:381,21,0,0
BRDA:381,21,1,0
BRDA:390,22,0,0
BRDA:390,22,1,0
BRDA:405,23,0,0
BRDA:405,23,1,0
BRDA:417,24,0,0
BRDA:417,24,1,0
BRDA:481,25,0,0
BRDA:481,25,1,0
BRDA:508,26,0,0
BRDA:508,26,1,0
BRDA:508,27,0,0
BRDA:508,27,1,0
BRDA:508,27,2,0
BRDA:529,28,0,0
BRDA:529,28,1,0
BRDA:529,29,0,0
BRDA:529,29,1,0
BRDA:531,30,0,0
BRDA:531,30,1,0
BRDA:541,31,0,0
BRDA:541,31,1,0
BRDA:541,32,0,0
BRDA:541,32,1,0
BRDA:542,33,0,0
BRDA:542,33,1,0
BRDA:543,34,0,0
BRDA:543,34,1,0
BRDA:557,35,0,0
BRDA:557,35,1,0
BRDA:558,36,0,0
BRDA:558,36,1,0
BRDA:559,37,0,0
BRDA:559,37,1,0
BRDA:567,38,0,0
BRDA:567,38,1,0
BRDA:567,39,0,0
BRDA:567,39,1,0
BRDA:572,40,0,0
BRDA:572,40,1,0
BRDA:572,41,0,0
BRDA:572,41,1,0
BRDA:578,42,0,0
BRDA:578,42,1,0
BRDA:578,43,0,0
BRDA:578,43,1,0
BRDA:606,44,0,0
BRDA:606,44,1,0
BRDA:616,45,0,0
BRDA:616,45,1,0
BRDA:628,46,0,0
BRDA:628,46,1,0
BRDA:631,47,0,0
BRDA:631,47,1,0
BRDA:663,48,0,0
BRDA:663,48,1,0
BRDA:665,49,0,0
BRDA:665,49,1,0
BRDA:665,50,0,0
BRDA:665,50,1,0
BRDA:672,51,0,0
BRDA:672,51,1,0
BRDA:672,52,0,0
BRDA:672,52,1,0
BRDA:680,53,0,0
BRDA:680,53,1,0
BRDA:680,54,0,0
BRDA:680,54,1,0
BRDA:688,55,0,0
BRDA:688,55,1,0
BRDA:688,56,0,0
BRDA:688,56,1,0
BRDA:695,57,0,0
BRDA:695,57,1,0
BRDA:695,58,0,0
BRDA:695,58,1,0
BRDA:703,59,0,0
BRDA:703,59,1,0
BRDA:703,60,0,0
BRDA:703,60,1,0
BRDA:718,61,0,0
BRDA:718,61,1,0
BRF:119
BRH:0
end_of_record
TN:
SF:/Volumes/Data/Eric/Develop/Repository/Vimo/src/components/base/content/scroll-view.js
FN:16,(anonymous_0)
FN:19,(anonymous_1)
FN:20,(anonymous_2)
FN:21,(anonymous_3)
FN:63,(anonymous_4)
FN:77,(anonymous_5)
FN:89,scrollCallback
FN:148,scrollEnd
FN:184,(anonymous_8)
FN:192,(anonymous_9)
FN:201,(anonymous_10)
FN:210,(anonymous_11)
FN:219,(anonymous_12)
FN:228,(anonymous_13)
FN:236,(anonymous_14)
FN:244,(anonymous_15)
FN:254,(anonymous_16)
FN:255,(anonymous_17)
FN:256,(anonymous_18)
FN:269,(anonymous_19)
FN:275,(anonymous_20)
FN:308,(anonymous_21)
FN:359,(anonymous_22)
FN:367,(anonymous_23)
FN:384,(anonymous_24)
FN:400,(anonymous_25)
FN:403,(anonymous_26)
FNF:27
FNH:0
FNDA:0,(anonymous_0)
FNDA:0,(anonymous_1)
FNDA:0,(anonymous_2)
FNDA:0,(anonymous_3)
FNDA:0,(anonymous_4)
FNDA:0,(anonymous_5)
FNDA:0,scrollCallback
FNDA:0,scrollEnd
FNDA:0,(anonymous_8)
FNDA:0,(anonymous_9)
FNDA:0,(anonymous_10)
FNDA:0,(anonymous_11)
FNDA:0,(anonymous_12)
FNDA:0,(anonymous_13)
FNDA:0,(anonymous_14)
FNDA:0,(anonymous_15)
FNDA:0,(anonymous_16)
FNDA:0,(anonymous_17)
FNDA:0,(anonymous_18)
FNDA:0,(anonymous_19)
FNDA:0,(anonymous_20)
FNDA:0,(anonymous_21)
FNDA:0,(anonymous_22)
FNDA:0,(anonymous_23)
FNDA:0,(anonymous_24)
FNDA:0,(anonymous_25)
FNDA:0,(anonymous_26)
DA:11,1
DA:12,1
DA:13,1
DA:17,0
DA:18,0
DA:19,0
DA:20,0
DA:21,0
DA:23,0
DA:25,0
DA:26,0
DA:28,0
DA:29,0
DA:32,0
DA:64,0
DA:65,0
DA:66,0
DA:67,0
DA:68,0
DA:69,0
DA:78,0
DA:79,0
DA:82,0
DA:83,0
DA:84,0
DA:90,0
DA:93,0
DA:96,0
DA:98,0
DA:100,0
DA:103,0
DA:104,0
DA:107,0
DA:108,0
DA:109,0
DA:112,0
DA:116,0
DA:118,0
DA:120,0
DA:121,0
DA:123,0
DA:124,0
DA:125,0
DA:128,0
DA:129,0
DA:132,0
DA:134,0
DA:135,0
DA:136,0
DA:139,0
DA:140,0
DA:143,0
DA:144,0
DA:150,0
DA:153,0
DA:156,0
DA:158,0
DA:162,0
DA:165,0
DA:166,0
DA:170,0
DA:177,0
DA:185,0
DA:193,0
DA:202,0
DA:211,0
DA:220,0
DA:229,0
DA:237,0
DA:245,0
DA:247,0
DA:248,0
DA:249,0
DA:251,0
DA:252,0
DA:253,0
DA:254,0
DA:255,0
DA:256,0
DA:270,0
DA:272,0
DA:275,0
DA:276,0
DA:279,0
DA:281,0
DA:282,0
DA:283,0
DA:288,0
DA:289,0
DA:290,0
DA:291,0
DA:292,0
DA:295,0
DA:296,0
DA:298,0
DA:299,0
DA:303,0
DA:304,0
DA:308,0
DA:309,0
DA:311,0
DA:312,0
DA:313,0
DA:314,0
DA:315,0
DA:318,0
DA:320,0
DA:324,0
DA:326,0
DA:327,0
DA:330,0
DA:331,0
DA:334,0
DA:337,0
DA:339,0
DA:340,0
DA:342,0
DA:347,0
DA:348,0
DA:350,0
DA:352,0
DA:360,0
DA:368,0
DA:369,0
DA:370,0
DA:372,0
DA:385,0
DA:386,0
DA:387,0
DA:401,0
DA:402,0
DA:403,0
DA:406,0
DA:407,0
DA:410,0
DA:411,0
DA:412,0
DA:415,0
DA:416,0
DA:420,0
DA:421,0
DA:422,0
DA:425,0
DA:426,0
DA:430,0
LF:145
LH:3
BRDA:23,0,0,0
BRDA:23,0,1,0
BRDA:23,0,2,0
BRDA:64,1,0,0
BRDA:64,1,1,0
BRDA:78,2,0,0
BRDA:78,2,1,0
BRDA:98,3,0,0
BRDA:98,3,1,0
BRDA:118,4,0,0
BRDA:118,4,1,0
BRDA:128,5,0,0
BRDA:128,5,1,0
BRDA:132,6,0,0
BRDA:132,6,1,0
BRDA:143,7,0,0
BRDA:143,7,1,0
BRDA:144,8,0,0
BRDA:144,8,1,0
BRDA:170,9,0,0
BRDA:170,9,1,0
BRDA:185,10,0,0
BRDA:185,10,1,0
BRDA:193,11,0,0
BRDA:193,11,1,0
BRDA:202,12,0,0
BRDA:202,12,1,0
BRDA:211,13,0,0
BRDA:211,13,1,0
BRDA:247,14,0,0
BRDA:247,14,1,0
BRDA:248,15,0,0
BRDA:248,15,1,0
BRDA:254,16,0,0
BRDA:254,16,1,0
BRDA:255,17,0,0
BRDA:255,17,1,0
BRDA:256,18,0,0
BRDA:256,18,1,0
BRDA:269,19,0,0
BRDA:269,20,0,0
BRDA:269,21,0,0
BRDA:272,22,0,0
BRDA:272,22,1,0
BRDA:279,23,0,0
BRDA:279,23,1,0
BRDA:288,24,0,0
BRDA:288,24,1,0
BRDA:311,25,0,0
BRDA:311,25,1,0
BRDA:311,26,0,0
BRDA:311,26,1,0
BRDA:311,26,2,0
BRDA:326,27,0,0
BRDA:326,27,1,0
BRDA:330,28,0,0
BRDA:330,28,1,0
BRDA:334,29,0,0
BRDA:334,29,1,0
BRDA:359,30,0,0
BRDA:367,31,0,0
BRDA:369,32,0,0
BRDA:369,32,1,0
BRDA:384,33,0,0
BRDA:384,34,0,0
BRDA:384,35,0,0
BRDA:400,36,0,0
BRDA:400,37,0,0
BRDA:400,38,0,0
BRDA:401,39,0,0
BRDA:401,39,1,0
BRDA:410,40,0,0
BRDA:410,40,1,0
BRDA:411,41,0,0
BRDA:411,41,1,0
BRDA:411,42,0,0
BRDA:411,42,1,0
BRDA:415,43,0,0
BRDA:415,43,1,0
BRDA:415,44,0,0
BRDA:415,44,1,0
BRDA:420,45,0,0
BRDA:420,45,1,0
BRDA:421,46,0,0
BRDA:421,46,1,0
BRDA:425,47,0,0
BRDA:425,47,1,0
BRDA:425,48,0,0
BRDA:425,48,1,0
BRF:89
BRH:0
end_of_record
TN:
SF:/Volumes/Data/Eric/Develop/Repository/Vimo/src/components/base/navbar/navbar.vue
FN:240,(anonymous_0)
FN:253,(anonymous_1)
FN:263,(anonymous_2)
FN:274,(anonymous_3)
FN:277,(anonymous_4)
FN:327,(anonymous_5)
FN:349,(anonymous_6)
FNF:7
FNH:2
FNDA:0,(anonymous_0)
FNDA:0,(anonymous_1)
FNDA:0,(anonymous_2)
FNDA:0,(anonymous_3)
FNDA:0,(anonymous_4)
FNDA:12,(anonymous_5)
FNDA:3,(anonymous_6)
DA:158,12
DA:168,12
DA:171,1
DA:181,1
DA:189,1
DA:238,0
DA:239,0
DA:240,0
DA:241,0
DA:243,0
DA:248,0
DA:253,0
DA:254,0
DA:257,0
DA:258,0
DA:260,0
DA:261,0
DA:264,0
DA:265,0
DA:274,0
DA:278,0
DA:281,0
DA:293,1
DA:294,1
DA:303,1
DA:304,1
DA:305,1
DA:313,12
DA:314,12
DA:325,12
DA:327,12
DA:332,12
DA:337,12
DA:338,2
DA:340,1
DA:341,1
DA:342,1
DA:345,1
DA:346,1
DA:347,1
DA:348,1
DA:349,3
DA:350,1
DA:351,1
DA:352,1
DA:354,1
DA:355,1
DA:357,1
DA:368,12
DA:369,12
DA:372,0
DA:377,12
DA:378,12
DA:379,12
DA:381,12
DA:384,12
DA:387,0
LF:57
LH:38
BRDA:162,0,0,12
BRDA:162,0,1,12
BRDA:162,0,2,0
BRDA:163,1,0,12
BRDA:163,1,1,12
BRDA:163,1,2,0
BRDA:168,2,0,12
BRDA:168,2,1,12
BRDA:181,3,0,1
BRDA:181,3,1,1
BRDA:189,4,0,1
BRDA:189,4,1,1
BRDA:239,5,0,0
BRDA:239,5,1,0
BRDA:239,6,0,0
BRDA:239,6,1,0
BRDA:241,7,0,0
BRDA:241,7,1,0
BRDA:254,8,0,0
BRDA:254,8,1,0
BRDA:257,9,0,0
BRDA:257,9,1,0
BRDA:267,10,0,0
BRDA:267,10,1,0
BRDA:293,11,0,1
BRDA:293,11,1,1
BRDA:294,12,0,1
BRDA:294,12,1,1
BRDA:313,13,0,12
BRDA:313,13,1,0
BRDA:325,14,0,0
BRDA:325,14,1,12
BRDA:332,15,0,12
BRDA:332,15,1,2
BRDA:337,16,0,2
BRDA:337,16,1,10
BRDA:338,17,0,1
BRDA:338,17,1,1
BRDA:341,18,0,0
BRDA:341,18,1,1
BRDA:345,19,0,0
BRDA:345,19,1,1
BRDA:355,20,0,1
BRDA:355,20,1,1
BRDA:357,21,0,1
BRDA:357,21,1,1
BRDA:369,22,0,0
BRDA:369,22,1,12
BRF:48
BRH:29
end_of_record
TN:
SF:/Volumes/Data/Eric/Develop/Repository/Vimo/src/components/toolbar/toolbarMixins.vue
FNF:0
FNH:0
DA:11,12
LF:1
LH:1
BRDA:11,0,0,1
BRDA:11,0,1,11
BRF:2
BRH:2
end_of_record
TN:
SF:/Volumes/Data/Eric/Develop/Repository/Vimo/src/components/icon/index.js
FNF:0
FNH:0
LF:0
LH:0
BRF:0
BRH:0
end_of_record
TN:
SF:/Volumes/Data/Eric/Develop/Repository/Vimo/src/components/icon/icon.vue
FNF:0
FNH:0
DA:19,5
DA:61,5
DA:70,0
DA:73,0
DA:76,0
DA:79,0
DA:82,0
DA:88,5
DA:93,5
DA:96,4
DA:98,1
DA:103,5
DA:104,5
DA:106,5
DA:107,0
DA:109,5
DA:112,5
DA:114,0
DA:115,5
DA:117,0
DA:120,5
DA:123,5
DA:124,5
DA:128,0
DA:133,5
DA:134,1
DA:136,4
DA:141,5
DA:144,5
DA:146,0
LF:30
LH:20
BRDA:19,0,0,5
BRDA:19,0,1,5
BRDA:19,0,2,0
BRDA:88,1,0,0
BRDA:88,1,1,5
BRDA:93,2,0,4
BRDA:93,2,1,1
BRDA:103,3,0,5
BRDA:103,3,1,0
BRDA:103,3,2,0
BRDA:104,4,0,0
BRDA:104,4,1,5
BRDA:106,5,0,0
BRDA:106,5,1,5
BRDA:106,6,0,5
BRDA:106,6,1,5
BRDA:112,7,0,0
BRDA:112,7,1,5
BRDA:112,8,0,5
BRDA:112,8,1,0
BRDA:115,9,0,0
BRDA:115,9,1,5
BRDA:115,10,0,5
BRDA:115,10,1,0
BRDA:124,11,0,0
BRDA:124,11,1,5
BRDA:124,12,0,5
BRDA:124,12,1,4
BRDA:124,12,2,0
BRDA:124,12,3,0
BRDA:133,13,0,1
BRDA:133,13,1,4
BRDA:144,14,0,0
BRDA:144,14,1,5
BRDA:144,15,0,5
BRDA:144,15,1,5
BRDA:144,15,2,5
BRF:37
BRH:23
end_of_record
TN:
SF:/Volumes/Data/Eric/Develop/Repository/Vimo/src/components/action-sheet/index.js
FNF:0
FNH:0
LF:0
LH:0
BRF:0
BRH:0
end_of_record
TN:
SF:/Volumes/Data/Eric/Develop/Repository/Vimo/src/components/action-sheet/action-sheet.js
FN:84,ActionSheetFactory
FN:91,getPresentDismissIns
FN:120,(anonymous_2)
FN:133,(anonymous_3)
FN:136,(anonymous_4)
FN:143,(anonymous_5)
FN:158,(anonymous_6)
FN:160,(anonymous_7)
FNF:8
FNH:1
FNDA:0,ActionSheetFactory
FNDA:1,getPresentDismissIns
FNDA:0,(anonymous_2)
FNDA:0,(anonymous_3)
FNDA:0,(anonymous_4)
FNDA:0,(anonymous_5)
FNDA:0,(anonymous_6)
FNDA:0,(anonymous_7)
DA:75,1
DA:85,0
DA:88,0
DA:92,1
DA:120,0
DA:123,0
DA:128,0
DA:129,0
DA:131,0
DA:132,0
DA:133,0
DA:134,0
DA:136,0
DA:137,0
DA:141,0
DA:143,0
DA:144,0
DA:158,0
DA:159,0
DA:160,0
DA:161,0
DA:164,0
LF:22
LH:2
BRDA:123,0,0,0
BRDA:123,0,1,0
BRDA:123,0,2,0
BRDA:123,0,3,0
BRDA:123,0,4,0
BRDA:128,1,0,0
BRDA:128,1,1,0
BRDA:132,2,0,0
BRDA:132,2,1,0
BRDA:132,3,0,0
BRDA:132,3,1,0
BRDA:159,4,0,0
BRDA:159,4,1,0
BRDA:159,5,0,0
BRDA:159,5,1,0
BRF:15
BRH:0
end_of_record
TN:
SF:/Volumes/Data/Eric/Develop/Repository/Vimo/src/components/action-sheet/action-sheet.vue
FN:49,(anonymous_0)
FN:177,(anonymous_1)
FN:192,(anonymous_2)
FN:198,(anonymous_3)
FN:200,(anonymous_4)
FN:214,(anonymous_5)
FN:244,(anonymous_6)
FNF:7
FNH:0
FNDA:0,(anonymous_0)
FNDA:0,(anonymous_1)
FNDA:0,(anonymous_2)
FNDA:0,(anonymous_3)
FNDA:0,(anonymous_4)
FNDA:0,(anonymous_5)
FNDA:0,(anonymous_6)
DA:49,1
DA:67,0
DA:75,0
DA:91,0
DA:100,0
DA:101,0
DA:104,0
DA:105,0
DA:106,0
DA:107,0
DA:108,0
DA:110,0
DA:113,0
DA:114,0
DA:117,0
DA:119,0
DA:120,0
DA:131,0
DA:132,0
DA:133,0
DA:135,0
DA:148,0
DA:149,0
DA:151,0
DA:152,0
DA:154,0
DA:156,0
DA:163,0
DA:164,0
DA:176,0
DA:177,0
DA:188,0
DA:189,0
DA:190,0
DA:191,0
DA:192,0
DA:193,0
DA:194,0
DA:195,0
DA:198,0
DA:200,0
DA:209,0
DA:210,0
DA:211,0
DA:212,0
DA:214,0
DA:215,0
DA:216,0
DA:219,0
DA:220,0
DA:223,0
DA:226,0
DA:227,0
DA:229,0
DA:230,0
DA:231,0
DA:232,0
DA:234,0
DA:237,0
DA:241,0
DA:243,0
DA:244,0
DA:245,0
LF:63
LH:1
BRDA:67,0,0,0
BRDA:67,0,1,0
BRDA:67,0,2,0
BRDA:101,1,0,0
BRDA:101,1,1,0
BRDA:107,2,0,0
BRDA:107,2,1,0
BRDA:114,3,0,0
BRDA:114,3,1,0
BRDA:131,4,0,0
BRDA:131,4,1,0
BRDA:131,5,0,0
BRDA:131,5,1,0
BRDA:132,6,0,0
BRDA:132,6,1,0
BRDA:148,7,0,0
BRDA:148,7,1,0
BRDA:152,8,0,0
BRDA:152,8,1,0
BRDA:154,9,0,0
BRDA:154,9,1,0
BRDA:163,10,0,0
BRDA:163,10,1,0
BRDA:163,11,0,0
BRDA:163,11,1,0
BRDA:188,12,0,0
BRDA:188,12,1,0
BRDA:190,13,0,0
BRDA:190,13,1,0
BRDA:191,14,0,0
BRDA:191,14,1,0
BRDA:211,15,0,0
BRDA:211,15,1,0
BRDA:215,16,0,0
BRDA:215,16,1,0
BRDA:219,17,0,0
BRDA:219,17,1,0
BRDA:226,18,0,0
BRDA:226,18,1,0
BRDA:229,19,0,0
BRDA:229,19,1,0
BRDA:230,20,0,0
BRDA:230,20,1,0
BRDA:231,21,0,0
BRDA:231,21,1,0
BRDA:232,22,0,0
BRDA:232,22,1,0
BRDA:243,23,0,0
BRDA:243,23,1,0
BRDA:245,24,0,0
BRDA:245,24,1,0
BRF:51
BRH:0
end_of_record
TN:
SF:/Volumes/Data/Eric/Develop/Repository/Vimo/src/components/avatar/index.js
FNF:0
FNH:0
LF:0
LH:0
BRF:0
BRH:0
end_of_record
TN:
SF:/Volumes/Data/Eric/Develop/Repository/Vimo/src/components/avatar/avatar.vue
FNF:0
FNH:0
LF:0
LH:0
BRF:0
BRH:0
end_of_record
TN:
SF:/Volumes/Data/Eric/Develop/Repository/Vimo/src/components/badge/index.js
FNF:0
FNH:0
LF:0
LH:0
BRF:0
BRH:0
end_of_record
TN:
SF:/Volumes/Data/Eric/Develop/Repository/Vimo/src/components/badge/badge.vue
FNF:0
FNH:0
DA:40,1
DA:46,7
DA:50,7
LF:3
LH:3
BRDA:40,0,0,1
BRDA:40,0,1,1
BRDA:40,0,2,0
BRDA:50,1,0,6
BRDA:50,1,1,1
BRF:5
BRH:4
end_of_record
TN:
SF:/Volumes/Data/Eric/Develop/Repository/Vimo/src/components/card/index.js
FNF:0
FNH:0
LF:0
LH:0
BRF:0
BRH:0
end_of_record
TN:
SF:/Volumes/Data/Eric/Develop/Repository/Vimo/src/components/card/card-content.vue
FNF:0
FNH:0
DA:18,0
LF:1
LH:0
BRF:0
BRH:0
end_of_record
TN:
SF:/Volumes/Data/Eric/Develop/Repository/Vimo/src/components/card/mixin.js
FNF:0
FNH:0
DA:13,0
DA:20,0
DA:24,0
LF:3
LH:0
BRDA:13,0,0,0
BRDA:13,0,1,0
BRDA:13,0,2,0
BRDA:24,1,0,0
BRDA:24,1,1,0
BRF:5
BRH:0
end_of_record
TN:
SF:/Volumes/Data/Eric/Develop/Repository/Vimo/src/components/card/card-header.vue
FNF:0
FNH:0
DA:17,0
LF:1
LH:0
BRF:0
BRH:0
end_of_record
TN:
SF:/Volumes/Data/Eric/Develop/Repository/Vimo/src/components/card/card-title.vue
FNF:0
FNH:0
DA:17,0
LF:1
LH:0
BRF:0
BRH:0
end_of_record
TN:
SF:/Volumes/Data/Eric/Develop/Repository/Vimo/src/components/card/card.vue
FNF:0
FNH:0
DA:76,0
LF:1
LH:0
BRF:0
BRH:0
end_of_record
TN:
SF:/Volumes/Data/Eric/Develop/Repository/Vimo/src/components/checkbox/index.js
FNF:0
FNH:0
LF:0
LH:0
BRF:0
BRH:0
end_of_record
TN:
SF:/Volumes/Data/Eric/Develop/Repository/Vimo/src/components/checkbox/checkbox.vue
FNF:0
FNH:0
DA:59,0
DA:72,0
DA:77,0
DA:80,0
DA:85,0
DA:88,0
DA:93,0
DA:94,0
DA:95,0
DA:101,0
DA:102,0
DA:104,0
DA:108,0
DA:109,0
DA:112,0
DA:117,0
DA:118,0
DA:119,0
DA:122,0
DA:123,0
DA:125,0
LF:21
LH:0
BRDA:72,0,0,0
BRDA:72,0,1,0
BRDA:72,0,2,0
BRDA:88,1,0,0
BRDA:88,1,1,0
BRDA:93,2,0,0
BRDA:93,2,1,0
BRDA:95,3,0,0
BRDA:95,3,1,0
BRDA:104,4,0,0
BRDA:104,4,1,0
BRDA:109,5,0,0
BRDA:109,5,1,0
BRDA:117,6,0,0
BRDA:117,6,1,0
BRF:15
BRH:0
end_of_record
TN:
SF:/Volumes/Data/Eric/Develop/Repository/Vimo/src/components/choose-city/index.js
FNF:0
FNH:0
DA:33,1
DA:57,0
DA:58,0
DA:70,0
DA:73,0
DA:78,0
DA:79,0
LF:7
LH:1
BRDA:73,0,0,0
BRDA:73,0,1,0
BRDA:73,0,2,0
BRDA:73,0,3,0
BRDA:73,0,4,0
BRDA:78,1,0,0
BRDA:78,1,1,0
BRF:7
BRH:0
end_of_record
TN:
SF:/Volumes/Data/Eric/Develop/Repository/Vimo/src/components/modal/index.js
FNF:0
FNH:0
LF:0
LH:0
BRF:0
BRH:0
end_of_record
TN:
SF:/Volumes/Data/Eric/Develop/Repository/Vimo/src/components/modal/modal.js
FN:65,ModalFactory
FN:99,present
FN:123,(anonymous_2)
FN:151,(anonymous_3)
FN:164,dismiss
FN:167,(anonymous_5)
FN:186,(anonymous_6)
FN:194,componentIsMatch
FN:202,refreshNavbar
FN:231,unregisterAllListener
FN:232,(anonymous_10)
FNF:11
FNH:0
FNDA:0,ModalFactory
FNDA:0,present
FNDA:0,(anonymous_2)
FNDA:0,(anonymous_3)
FNDA:0,dismiss
FNDA:0,(anonymous_5)
FNDA:0,(anonymous_6)
FNDA:0,componentIsMatch
FNDA:0,refreshNavbar
FNDA:0,unregisterAllListener
FNDA:0,(anonymous_10)
DA:54,1
DA:55,1
DA:56,1
DA:57,1
DA:58,1
DA:66,0
DA:100,0
DA:102,0
DA:103,0
DA:106,0
DA:116,0
DA:119,0
DA:120,0
DA:124,0
DA:126,0
DA:127,0
DA:129,0
DA:130,0
DA:132,0
DA:133,0
DA:136,0
DA:142,0
DA:151,0
DA:152,0
DA:155,0
DA:165,0
DA:167,0
DA:169,0
DA:171,0
DA:172,0
DA:174,0
DA:175,0
DA:178,0
DA:182,0
DA:185,0
DA:186,0
DA:187,0
DA:189,0
DA:195,0
DA:203,0
DA:204,0
DA:205,0
DA:206,0
DA:207,0
DA:208,0
DA:209,0
DA:210,0
DA:211,0
DA:212,0
DA:213,0
DA:218,0
DA:219,0
DA:220,0
DA:221,0
DA:232,0
DA:233,0
LF:56
LH:5
BRDA:99,0,0,0
BRDA:109,1,0,0
BRDA:109,1,1,0
BRDA:119,2,0,0
BRDA:119,2,1,0
BRDA:124,3,0,0
BRDA:124,3,1,0
BRDA:127,4,0,0
BRDA:127,4,1,0
BRDA:129,5,0,0
BRDA:129,5,1,0
BRDA:132,6,0,0
BRDA:132,6,1,0
BRDA:133,7,0,0
BRDA:133,7,1,0
BRDA:133,7,2,0
BRDA:136,8,0,0
BRDA:136,8,1,0
BRDA:136,8,2,0
BRDA:171,9,0,0
BRDA:171,9,1,0
BRDA:174,10,0,0
BRDA:174,10,1,0
BRDA:175,11,0,0
BRDA:175,11,1,0
BRDA:175,11,2,0
BRDA:178,12,0,0
BRDA:178,12,1,0
BRDA:178,12,2,0
BRDA:196,13,0,0
BRDA:196,13,1,0
BRDA:196,13,2,0
BRDA:205,14,0,0
BRDA:205,14,1,0
BRDA:205,15,0,0
BRDA:205,15,1,0
BRDA:206,16,0,0
BRDA:206,16,1,0
BRDA:209,17,0,0
BRDA:209,17,1,0
BRDA:211,18,0,0
BRDA:211,18,1,0
BRDA:218,19,0,0
BRDA:218,19,1,0
BRDA:232,20,0,0
BRDA:232,20,1,0
BRF:46
BRH:0
end_of_record
TN:
SF:/Volumes/Data/Eric/Develop/Repository/Vimo/src/components/modal/modal.vue
FN:60,(anonymous_0)
FN:142,(anonymous_1)
FN:149,(anonymous_2)
FN:155,(anonymous_3)
FN:157,(anonymous_4)
FN:163,(anonymous_5)
FN:174,(anonymous_6)
FN:178,(anonymous_7)
FN:182,(anonymous_8)
FNF:9
FNH:0
FNDA:0,(anonymous_0)
FNDA:0,(anonymous_1)
FNDA:0,(anonymous_2)
FNDA:0,(anonymous_3)
FNDA:0,(anonymous_4)
FNDA:0,(anonymous_5)
FNDA:0,(anonymous_6)
FNDA:0,(anonymous_7)
FNDA:0,(anonymous_8)
DA:60,1
DA:67,0
DA:85,0
DA:97,0
DA:100,0
DA:110,0
DA:111,0
DA:119,0
DA:120,0
DA:123,0
DA:124,0
DA:127,0
DA:128,0
DA:131,0
DA:133,0
DA:134,0
DA:141,0
DA:142,0
DA:145,0
DA:146,0
DA:147,0
DA:148,0
DA:149,0
DA:150,0
DA:151,0
DA:152,0
DA:155,0
DA:157,0
DA:162,0
DA:163,0
DA:165,0
DA:169,0
DA:174,0
DA:175,0
DA:176,0
DA:177,0
DA:178,0
DA:179,0
DA:181,0
DA:182,0
DA:183,0
DA:185,0
DA:187,0
DA:189,0
LF:44
LH:1
BRDA:67,0,0,0
BRDA:67,0,1,0
BRDA:67,0,2,0
BRDA:110,1,0,0
BRDA:110,1,1,0
BRDA:110,2,0,0
BRDA:110,2,1,0
BRDA:120,3,0,0
BRDA:120,3,1,0
BRDA:128,4,0,0
BRDA:128,4,1,0
BRDA:145,5,0,0
BRDA:145,5,1,0
BRDA:147,6,0,0
BRDA:147,6,1,0
BRDA:148,7,0,0
BRDA:148,7,1,0
BRDA:175,8,0,0
BRDA:175,8,1,0
BRDA:177,9,0,0
BRDA:177,9,1,0
BRDA:181,10,0,0
BRDA:181,10,1,0
BRDA:185,11,0,0
BRDA:185,11,1,0
BRF:25
BRH:0
end_of_record
TN:
SF:/Volumes/Data/Eric/Develop/Repository/Vimo/src/components/choose-city/city.vue
FN:110,(anonymous_0)
FN:145,getScript
FN:146,(anonymous_2)
FN:150,(anonymous_3)
FN:156,(anonymous_4)
FN:164,(anonymous_5)
FN:165,(anonymous_6)
FN:166,(anonymous_7)
FN:176,(anonymous_8)
FN:177,(anonymous_9)
FN:180,(anonymous_10)
FN:190,(anonymous_11)
FN:207,(anonymous_12)
FN:231,(anonymous_13)
FN:238,(anonymous_14)
FN:259,(anonymous_15)
FNF:16
FNH:0
FNDA:0,(anonymous_0)
FNDA:0,getScript
FNDA:0,(anonymous_2)
FNDA:0,(anonymous_3)
FNDA:0,(anonymous_4)
FNDA:0,(anonymous_5)
FNDA:0,(anonymous_6)
FNDA:0,(anonymous_7)
FNDA:0,(anonymous_8)
FNDA:0,(anonymous_9)
FNDA:0,(anonymous_10)
FNDA:0,(anonymous_11)
FNDA:0,(anonymous_12)
FNDA:0,(anonymous_13)
FNDA:0,(anonymous_14)
FNDA:0,(anonymous_15)
DA:57,0
DA:71,0
DA:76,0
DA:79,0
DA:88,0
DA:89,0
DA:90,0
DA:91,0
DA:92,0
DA:93,0
DA:94,0
DA:96,0
DA:104,0
DA:105,0
DA:110,0
DA:111,0
DA:112,0
DA:124,0
DA:125,0
DA:126,0
DA:127,0
DA:135,0
DA:136,0
DA:146,0
DA:147,0
DA:148,0
DA:149,0
DA:150,0
DA:151,0
DA:152,0
DA:153,0
DA:156,0
DA:157,0
DA:158,0
DA:160,0
DA:164,0
DA:165,0
DA:166,0
DA:167,0
DA:168,0
DA:170,0
DA:175,0
DA:176,0
DA:177,0
DA:178,0
DA:179,0
DA:180,0
DA:187,0
DA:191,0
DA:194,0
DA:205,0
DA:206,0
DA:207,0
DA:208,0
DA:209,0
DA:210,0
DA:212,0
DA:216,0
DA:217,0
DA:222,0
DA:230,0
DA:231,0
DA:232,0
DA:233,0
DA:239,0
DA:248,0
DA:249,0
DA:250,0
DA:251,0
DA:252,0
DA:253,0
DA:256,0
DA:257,0
DA:258,0
DA:259,0
DA:260,0
DA:261,0
LF:77
LH:0
BRDA:93,0,0,0
BRDA:93,0,1,0
BRDA:93,1,0,0
BRDA:93,1,1,0
BRDA:104,2,0,0
BRDA:104,2,1,0
BRDA:135,3,0,0
BRDA:135,3,1,0
BRDA:135,4,0,0
BRDA:135,4,1,0
BRDA:151,5,0,0
BRDA:151,5,1,0
BRDA:151,6,0,0
BRDA:151,6,1,0
BRDA:167,7,0,0
BRDA:167,7,1,0
BRDA:175,8,0,0
BRDA:175,8,1,0
BRDA:178,9,0,0
BRDA:178,9,1,0
BRDA:178,10,0,0
BRDA:178,10,1,0
BRDA:209,11,0,0
BRDA:209,11,1,0
BRDA:230,12,0,0
BRDA:230,12,1,0
BRDA:232,13,0,0
BRDA:232,13,1,0
BRDA:232,14,0,0
BRDA:232,14,1,0
BRDA:256,15,0,0
BRDA:256,15,1,0
BRDA:257,16,0,0
BRDA:257,16,1,0
BRF:34
BRH:0
end_of_record
TN:
SF:/Volumes/Data/Eric/Develop/Repository/Vimo/src/components/city-picker/index.js
FN:101,(anonymous_0)
FN:102,(anonymous_1)
FN:106,(anonymous_2)
FN:118,(anonymous_3)
FN:128,(anonymous_4)
FN:152,getCodeIndex
FN:169,initPicker
FN:171,(anonymous_7)
FN:190,(anonymous_8)
FN:206,onSelectHandler
FN:208,(anonymous_10)
FN:212,(anonymous_11)
FN:220,(anonymous_12)
FNF:13
FNH:0
FNDA:0,(anonymous_0)
FNDA:0,(anonymous_1)
FNDA:0,(anonymous_2)
FNDA:0,(anonymous_3)
FNDA:0,(anonymous_4)
FNDA:0,getCodeIndex
FNDA:0,initPicker
FNDA:0,(anonymous_7)
FNDA:0,(anonymous_8)
FNDA:0,onSelectHandler
FNDA:0,(anonymous_10)
FNDA:0,(anonymous_11)
FNDA:0,(anonymous_12)
DA:74,1
DA:76,0
DA:77,0
DA:79,0
DA:86,0
DA:89,0
DA:90,0
DA:91,0
DA:93,0
DA:94,0
DA:98,0
DA:99,0
DA:100,0
DA:101,0
DA:102,0
DA:104,0
DA:105,0
DA:106,0
DA:107,0
DA:109,0
DA:117,0
DA:118,0
DA:120,0
DA:127,0
DA:128,0
DA:130,0
DA:137,0
DA:140,0
DA:144,0
DA:153,0
DA:154,0
DA:155,0
DA:156,0
DA:157,0
DA:158,0
DA:162,0
DA:170,0
DA:171,0
DA:172,0
DA:176,0
DA:185,0
DA:191,0
DA:199,0
DA:207,0
DA:208,0
DA:209,0
DA:210,0
DA:211,0
DA:212,0
DA:213,0
DA:214,0
DA:219,0
DA:220,0
DA:221,0
DA:222,0
LF:55
LH:1
BRDA:76,0,0,0
BRDA:76,0,1,0
BRDA:79,1,0,0
BRDA:79,1,1,0
BRDA:80,2,0,0
BRDA:80,2,1,0
BRDA:80,2,2,0
BRDA:80,2,3,0
BRDA:80,2,4,0
BRDA:89,3,0,0
BRDA:89,3,1,0
BRDA:90,4,0,0
BRDA:90,4,1,0
BRDA:90,5,0,0
BRDA:90,5,1,0
BRDA:93,6,0,0
BRDA:93,6,1,0
BRDA:93,7,0,0
BRDA:93,7,1,0
BRDA:93,7,2,0
BRDA:104,8,0,0
BRDA:104,8,1,0
BRDA:107,9,0,0
BRDA:107,9,1,0
BRDA:107,10,0,0
BRDA:107,10,1,0
BRDA:107,10,2,0
BRDA:127,11,0,0
BRDA:127,11,1,0
BRDA:152,12,0,0
BRDA:154,13,0,0
BRDA:154,13,1,0
BRDA:157,14,0,0
BRDA:157,14,1,0
BRDA:157,15,0,0
BRDA:157,15,1,0
BRDA:170,16,0,0
BRDA:170,16,1,0
BRDA:185,17,0,0
BRDA:185,17,1,0
BRDA:191,18,0,0
BRDA:191,18,1,0
BRDA:207,19,0,0
BRDA:207,19,1,0
BRDA:211,20,0,0
BRDA:211,20,1,0
BRDA:211,21,0,0
BRDA:211,21,1,0
BRDA:219,22,0,0
BRDA:219,22,1,0
BRDA:219,23,0,0
BRDA:219,23,1,0
BRF:52
BRH:0
end_of_record
TN:
SF:/Volumes/Data/Eric/Develop/Repository/Vimo/src/components/picker/index.js
FNF:0
FNH:0
LF:0
LH:0
BRF:0
BRH:0
end_of_record
TN:
SF:/Volumes/Data/Eric/Develop/Repository/Vimo/src/components/picker/picker.js
FN:9,PickerFactory
FN:16,getPresentDismissIns
FN:33,(anonymous_2)
FN:45,(anonymous_3)
FN:48,(anonymous_4)
FN:55,(anonymous_5)
FN:69,(anonymous_6)
FN:71,(anonymous_7)
FNF:8
FNH:1
FNDA:0,PickerFactory
FNDA:1,getPresentDismissIns
FNDA:0,(anonymous_2)
FNDA:0,(anonymous_3)
FNDA:0,(anonymous_4)
FNDA:0,(anonymous_5)
FNDA:0,(anonymous_6)
FNDA:0,(anonymous_7)
DA:5,1
DA:10,0
DA:13,0
DA:17,1
DA:33,0
DA:35,0
DA:40,0
DA:41,0
DA:43,0
DA:44,0
DA:45,0
DA:46,0
DA:48,0
DA:49,0
DA:53,0
DA:55,0
DA:56,0
DA:69,0
DA:70,0
DA:71,0
DA:72,0
DA:75,0
DA:84,0
DA:91,0
LF:24
LH:2
BRDA:35,0,0,0
BRDA:35,0,1,0
BRDA:35,0,2,0
BRDA:35,0,3,0
BRDA:35,0,4,0
BRDA:40,1,0,0
BRDA:40,1,1,0
BRDA:44,2,0,0
BRDA:44,2,1,0
BRDA:44,3,0,0
BRDA:44,3,1,0
BRDA:70,4,0,0
BRDA:70,4,1,0
BRDA:70,5,0,0
BRDA:70,5,1,0
BRDA:84,6,0,0
BRDA:84,6,1,0
BRDA:91,7,0,0
BRDA:91,7,1,0
BRF:19
BRH:0
end_of_record
TN:
SF:/Volumes/Data/Eric/Develop/Repository/Vimo/src/components/picker/picker.vue
FN:125,(anonymous_0)
FN:224,(anonymous_1)
FN:236,(anonymous_2)
FN:274,(anonymous_3)
FN:313,(anonymous_4)
FN:325,(anonymous_5)
FN:331,(anonymous_6)
FN:375,(anonymous_7)
FN:385,(anonymous_8)
FN:393,(anonymous_9)
FNF:10
FNH:0
FNDA:0,(anonymous_0)
FNDA:0,(anonymous_1)
FNDA:0,(anonymous_2)
FNDA:0,(anonymous_3)
FNDA:0,(anonymous_4)
FNDA:0,(anonymous_5)
FNDA:0,(anonymous_6)
FNDA:0,(anonymous_7)
FNDA:0,(anonymous_8)
FNDA:0,(anonymous_9)
DA:125,1
DA:130,0
DA:153,0
DA:170,0
DA:179,0
DA:180,0
DA:183,0
DA:184,0
DA:187,0
DA:188,0
DA:191,0
DA:193,0
DA:194,0
DA:202,0
DA:203,0
DA:223,0
DA:224,0
DA:233,0
DA:234,0
DA:235,0
DA:236,0
DA:244,0
DA:245,0
DA:248,0
DA:250,0
DA:253,0
DA:255,0
DA:259,0
DA:260,0
DA:273,0
DA:274,0
DA:275,0
DA:276,0
DA:282,0
DA:291,0
DA:292,0
DA:295,0
DA:296,0
DA:297,0
DA:313,0
DA:314,0
DA:315,0
DA:317,0
DA:319,0
DA:321,0
DA:325,0
DA:326,0
DA:327,0
DA:330,0
DA:331,0
DA:333,0
DA:339,0
DA:340,0
DA:341,0
DA:342,0
DA:344,0
DA:345,0
DA:348,0
DA:350,0
DA:359,0
DA:367,0
DA:375,0
DA:376,0
DA:381,0
DA:384,0
DA:385,0
DA:386,0
DA:391,0
DA:392,0
DA:393,0
DA:394,0
DA:395,0
LF:72
LH:1
BRDA:153,0,0,0
BRDA:153,0,1,0
BRDA:153,0,2,0
BRDA:180,1,0,0
BRDA:180,1,1,0
BRDA:188,2,0,0
BRDA:188,2,1,0
BRDA:202,3,0,0
BRDA:202,3,1,0
BRDA:202,4,0,0
BRDA:202,4,1,0
BRDA:234,5,0,0
BRDA:234,5,1,0
BRDA:235,6,0,0
BRDA:235,6,1,0
BRDA:244,7,0,0
BRDA:244,7,1,0
BRDA:250,8,0,0
BRDA:250,8,1,0
BRDA:253,9,0,0
BRDA:253,9,1,0
BRDA:259,10,0,0
BRDA:259,10,1,0
BRDA:277,11,0,0
BRDA:277,11,1,0
BRDA:278,12,0,0
BRDA:278,12,1,0
BRDA:292,13,0,0
BRDA:292,13,1,0
BRDA:297,14,0,0
BRDA:297,14,1,0
BRDA:314,15,0,0
BRDA:314,15,1,0
BRDA:317,16,0,0
BRDA:317,16,1,0
BRDA:326,17,0,0
BRDA:326,17,1,0
BRDA:339,18,0,0
BRDA:339,18,1,0
BRDA:340,19,0,0
BRDA:340,19,1,0
BRDA:340,20,0,0
BRDA:340,20,1,0
BRDA:344,21,0,0
BRDA:344,21,1,0
BRDA:345,22,0,0
BRDA:345,22,1,0
BRDA:384,23,0,0
BRDA:384,23,1,0
BRDA:386,24,0,0
BRDA:386,24,1,0
BRDA:392,25,0,0
BRDA:392,25,1,0
BRF:53
BRH:0
end_of_record
TN:
SF:/Volumes/Data/Eric/Develop/Repository/Vimo/src/components/picker/picker-col.vue
FN:156,(anonymous_0)
FN:163,(anonymous_1)
FN:437,(anonymous_2)
FNF:3
FNH:0
FNDA:0,(anonymous_0)
FNDA:0,(anonymous_1)
FNDA:0,(anonymous_2)
DA:31,1
DA:32,1
DA:33,1
DA:34,1
DA:38,0
DA:65,0
DA:79,0
DA:82,0
DA:85,0
DA:88,0
DA:89,0
DA:90,0
DA:92,0
DA:93,0
DA:94,0
DA:95,0
DA:96,0
DA:97,0
DA:98,0
DA:102,0
DA:103,0
DA:104,0
DA:107,0
DA:108,0
DA:110,0
DA:111,0
DA:113,0
DA:114,0
DA:115,0
DA:119,0
DA:121,0
DA:123,0
DA:125,0
DA:126,0
DA:127,0
DA:129,0
DA:130,0
DA:132,0
DA:135,0
DA:137,0
DA:138,0
DA:139,0
DA:143,0
DA:145,0
DA:146,0
DA:147,0
DA:150,0
DA:152,0
DA:154,0
DA:156,0
DA:157,0
DA:159,0
DA:160,0
DA:162,0
DA:163,0
DA:164,0
DA:166,0
DA:169,0
DA:171,0
DA:173,0
DA:174,0
DA:175,0
DA:178,0
DA:179,0
DA:182,0
DA:184,0
DA:185,0
DA:188,0
DA:189,0
DA:192,0
DA:193,0
DA:194,0
DA:197,0
DA:200,0
DA:201,0
DA:209,0
DA:211,0
DA:213,0
DA:214,0
DA:216,0
DA:219,0
DA:223,0
DA:225,0
DA:227,0
DA:228,0
DA:229,0
DA:231,0
DA:232,0
DA:235,0
DA:237,0
DA:239,0
DA:241,0
DA:243,0
DA:245,0
DA:248,0
DA:249,0
DA:252,0
DA:253,0
DA:263,0
DA:264,0
DA:265,0
DA:266,0
DA:277,0
DA:279,0
DA:280,0
DA:282,0
DA:293,0
DA:295,0
DA:296,0
DA:300,0
DA:314,0
DA:315,0
DA:316,0
DA:317,0
DA:318,0
DA:319,0
DA:321,0
DA:322,0
DA:323,0
DA:324,0
DA:325,0
DA:326,0
DA:328,0
DA:329,0
DA:330,0
DA:331,0
DA:334,0
DA:335,0
DA:336,0
DA:340,0
DA:341,0
DA:342,0
DA:343,0
DA:347,0
DA:348,0
DA:349,0
DA:350,0
DA:351,0
DA:354,0
DA:357,0
DA:358,0
DA:359,0
DA:362,0
DA:363,0
DA:364,0
DA:367,0
DA:368,0
DA:369,0
DA:370,0
DA:372,0
DA:377,0
DA:378,0
DA:381,0
DA:384,0
DA:386,0
DA:388,0
DA:389,0
DA:392,0
DA:394,0
DA:395,0
DA:396,0
DA:402,0
DA:413,0
DA:414,0
DA:416,0
DA:417,0
DA:418,0
DA:419,0
DA:423,0
DA:425,0
DA:426,0
DA:427,0
DA:436,0
DA:437,0
DA:438,0
DA:439,0
DA:445,0
DA:446,0
DA:448,0
DA:450,0
DA:457,0
DA:459,0
DA:460,0
DA:462,0
DA:463,0
DA:466,0
DA:467,0
DA:471,0
LF:188
LH:4
BRDA:40,0,0,0
BRDA:40,0,1,0
BRDA:40,0,2,0
BRDA:41,1,0,0
BRDA:41,1,1,0
BRDA:41,1,2,0
BRDA:96,2,0,0
BRDA:96,2,1,0
BRDA:113,3,0,0
BRDA:113,3,1,0
BRDA:121,4,0,0
BRDA:121,4,1,0
BRDA:123,5,0,0
BRDA:123,5,1,0
BRDA:127,6,0,0
BRDA:127,6,1,0
BRDA:138,7,0,0
BRDA:138,7,1,0
BRDA:145,8,0,0
BRDA:145,8,1,0
BRDA:152,9,0,0
BRDA:152,9,1,0
BRDA:160,10,0,0
BRDA:160,10,1,0
BRDA:178,11,0,0
BRDA:178,11,1,0
BRDA:182,12,0,0
BRDA:182,12,1,0
BRDA:192,13,0,0
BRDA:192,13,1,0
BRDA:192,14,0,0
BRDA:192,14,1,0
BRDA:211,15,0,0
BRDA:211,15,1,0
BRDA:211,16,0,0
BRDA:211,16,1,0
BRDA:214,17,0,0
BRDA:214,17,1,0
BRDA:219,18,0,0
BRDA:219,18,1,0
BRDA:225,19,0,0
BRDA:225,19,1,0
BRDA:229,20,0,0
BRDA:229,20,1,0
BRDA:235,21,0,0
BRDA:235,21,1,0
BRDA:239,22,0,0
BRDA:239,22,1,0
BRDA:243,23,0,0
BRDA:243,23,1,0
BRDA:248,24,0,0
BRDA:248,24,1,0
BRDA:263,25,0,0
BRDA:263,25,1,0
BRDA:263,26,0,0
BRDA:263,26,1,0
BRDA:277,27,0,0
BRDA:277,27,1,0
BRDA:295,28,0,0
BRDA:295,28,1,0
BRDA:318,29,0,0
BRDA:318,29,1,0
BRDA:328,30,0,0
BRDA:328,30,1,0
BRDA:330,31,0,0
BRDA:330,31,1,0
BRDA:342,32,0,0
BRDA:342,32,1,0
BRDA:348,33,0,0
BRDA:348,33,1,0
BRDA:350,34,0,0
BRDA:350,34,1,0
BRDA:350,35,0,0
BRDA:350,35,1,0
BRDA:357,36,0,0
BRDA:357,36,1,0
BRDA:362,37,0,0
BRDA:362,37,1,0
BRDA:367,38,0,0
BRDA:367,38,1,0
BRDA:369,39,0,0
BRDA:369,39,1,0
BRDA:377,40,0,0
BRDA:377,40,1,0
BRDA:381,41,0,0
BRDA:381,41,1,0
BRDA:386,42,0,0
BRDA:386,42,1,0
BRDA:389,43,0,0
BRDA:389,43,1,0
BRDA:395,44,0,0
BRDA:395,44,1,0
BRDA:402,45,0,0
BRDA:402,45,1,0
BRDA:417,46,0,0
BRDA:417,46,1,0
BRDA:425,47,0,0
BRDA:425,47,1,0
BRDA:445,48,0,0
BRDA:445,48,1,0
BRDA:445,49,0,0
BRDA:445,49,1,0
BRDA:459,50,0,0
BRDA:459,50,1,0
BRF:104
BRH:0
end_of_record
TN:
SF:/Volumes/Data/Eric/Develop/Repository/Vimo/src/components/datetime/index.js
FNF:0
FNH:0
LF:0
LH:0
BRF:0
BRH:0
end_of_record
TN:
SF:/Volumes/Data/Eric/Develop/Repository/Vimo/src/components/datetime/datetime.vue
FN:192,(anonymous_0)
FN:202,(anonymous_1)
FN:220,(anonymous_2)
FN:224,(anonymous_3)
FN:256,(anonymous_4)
FN:274,(anonymous_5)
FN:287,(anonymous_6)
FN:312,(anonymous_7)
FN:313,(anonymous_8)
FN:314,(anonymous_9)
FN:325,(anonymous_10)
FN:399,(anonymous_11)
FN:402,(anonymous_12)
FN:522,(anonymous_13)
FN:542,convertToArrayOfNumbers
FN:553,(anonymous_15)
FN:576,convertToArrayOfStrings
FN:588,(anonymous_17)
FNF:18
FNH:0
FNDA:0,(anonymous_0)
FNDA:0,(anonymous_1)
FNDA:0,(anonymous_2)
FNDA:0,(anonymous_3)
FNDA:0,(anonymous_4)
FNDA:0,(anonymous_5)
FNDA:0,(anonymous_6)
FNDA:0,(anonymous_7)
FNDA:0,(anonymous_8)
FNDA:0,(anonymous_9)
FNDA:0,(anonymous_10)
FNDA:0,(anonymous_11)
FNDA:0,(anonymous_12)
FNDA:0,(anonymous_13)
FNDA:0,convertToArrayOfNumbers
FNDA:0,(anonymous_15)
FNDA:0,convertToArrayOfStrings
FNDA:0,(anonymous_17)
DA:105,1
DA:110,0
DA:151,0
DA:156,0
DA:161,0
DA:162,0
DA:165,0
DA:166,0
DA:171,0
DA:173,0
DA:175,0
DA:176,0
DA:177,0
DA:181,0
DA:182,0
DA:186,0
DA:188,0
DA:197,0
DA:203,0
DA:204,0
DA:205,0
DA:210,0
DA:211,0
DA:215,0
DA:217,0
DA:218,0
DA:220,0
DA:221,0
DA:222,0
DA:224,0
DA:225,0
DA:227,0
DA:229,0
DA:238,0
DA:240,0
DA:242,0
DA:246,0
DA:247,0
DA:250,0
DA:253,0
DA:256,0
DA:259,0
DA:263,0
DA:265,0
DA:268,0
DA:271,0
DA:275,0
DA:282,0
DA:286,0
DA:287,0
DA:289,0
DA:291,0
DA:295,0
DA:299,0
DA:308,0
DA:309,0
DA:312,0
DA:313,0
DA:314,0
DA:321,0
DA:323,0
DA:325,0
DA:326,0
DA:329,0
DA:330,0
DA:332,0
DA:337,0
DA:339,0
DA:340,0
DA:341,0
DA:343,0
DA:346,0
DA:351,0
DA:352,0
DA:354,0
DA:357,0
DA:358,0
DA:362,0
DA:367,0
DA:368,0
DA:371,0
DA:372,0
DA:376,0
DA:378,0
DA:384,0
DA:385,0
DA:396,0
DA:397,0
DA:399,0
DA:400,0
DA:402,0
DA:403,0
DA:404,0
DA:409,0
DA:410,0
DA:411,0
DA:412,0
DA:413,0
DA:414,0
DA:415,0
DA:416,0
DA:417,0
DA:418,0
DA:419,0
DA:427,0
DA:434,0
DA:435,0
DA:444,0
DA:445,0
DA:452,0
DA:453,0
DA:454,0
DA:455,0
DA:462,0
DA:463,0
DA:465,0
DA:466,0
DA:467,0
DA:468,0
DA:470,0
DA:474,0
DA:475,0
DA:476,0
DA:478,0
DA:482,0
DA:483,0
DA:485,0
DA:486,0
DA:487,0
DA:488,0
DA:489,0
DA:490,0
DA:491,0
DA:495,0
DA:496,0
DA:497,0
DA:498,0
DA:499,0
DA:501,0
DA:502,0
DA:503,0
DA:504,0
DA:505,0
DA:509,0
DA:512,0
DA:513,0
DA:515,0
DA:516,0
DA:521,0
DA:522,0
DA:523,0
DA:527,0
DA:528,0
DA:543,0
DA:545,0
DA:548,0
DA:551,0
DA:553,0
DA:554,0
DA:555,0
DA:556,0
DA:561,0
DA:562,0
DA:565,0
DA:577,0
DA:578,0
DA:580,0
DA:583,0
DA:586,0
DA:588,0
DA:589,0
DA:590,0
DA:591,0
DA:596,0
DA:597,0
DA:600,0
LF:176
LH:1
BRDA:156,0,0,0
BRDA:156,0,1,0
BRDA:156,0,2,0
BRDA:162,1,0,0
BRDA:162,1,1,0
BRDA:171,2,0,0
BRDA:171,2,1,0
BRDA:181,3,0,0
BRDA:181,3,1,0
BRDA:238,4,0,0
BRDA:238,4,1,0
BRDA:238,4,2,0
BRDA:240,5,0,0
BRDA:240,5,1,0
BRDA:247,6,0,0
BRDA:247,6,1,0
BRDA:263,7,0,0
BRDA:263,7,1,0
BRDA:282,8,0,0
BRDA:282,8,1,0
BRDA:286,9,0,0
BRDA:286,9,1,0
BRDA:289,10,0,0
BRDA:289,10,1,0
BRDA:323,11,0,0
BRDA:323,11,1,0
BRDA:325,12,0,0
BRDA:325,12,1,0
BRDA:330,13,0,0
BRDA:330,13,1,0
BRDA:339,14,0,0
BRDA:339,14,1,0
BRDA:341,15,0,0
BRDA:341,15,1,0
BRDA:354,16,0,0
BRDA:354,16,1,0
BRDA:362,17,0,0
BRDA:362,17,1,0
BRDA:367,18,0,0
BRDA:367,18,1,0
BRDA:368,19,0,0
BRDA:368,19,1,0
BRDA:378,20,0,0
BRDA:378,20,1,0
BRDA:378,20,2,0
BRDA:403,21,0,0
BRDA:403,21,1,0
BRDA:409,22,0,0
BRDA:409,22,1,0
BRDA:414,23,0,0
BRDA:414,23,1,0
BRDA:434,24,0,0
BRDA:434,24,1,0
BRDA:435,25,0,0
BRDA:435,25,1,0
BRDA:444,26,0,0
BRDA:444,26,1,0
BRDA:444,26,2,0
BRDA:465,27,0,0
BRDA:465,27,1,0
BRDA:466,28,0,0
BRDA:466,28,1,0
BRDA:467,29,0,0
BRDA:467,29,1,0
BRDA:474,30,0,0
BRDA:474,30,1,0
BRDA:475,31,0,0
BRDA:475,31,1,0
BRDA:485,32,0,0
BRDA:485,32,1,0
BRDA:487,33,0,0
BRDA:487,33,1,0
BRDA:488,34,0,0
BRDA:488,34,1,0
BRDA:490,35,0,0
BRDA:490,35,1,0
BRDA:490,36,0,0
BRDA:490,36,1,0
BRDA:495,37,0,0
BRDA:495,37,1,0
BRDA:496,38,0,0
BRDA:496,38,1,0
BRDA:497,39,0,0
BRDA:497,39,1,0
BRDA:498,40,0,0
BRDA:498,40,1,0
BRDA:499,41,0,0
BRDA:499,41,1,0
BRDA:501,42,0,0
BRDA:501,42,1,0
BRDA:502,43,0,0
BRDA:502,43,1,0
BRDA:503,44,0,0
BRDA:503,44,1,0
BRDA:504,45,0,0
BRDA:504,45,1,0
BRDA:505,46,0,0
BRDA:505,46,1,0
BRDA:512,47,0,0
BRDA:512,47,1,0
BRDA:523,48,0,0
BRDA:523,48,1,0
BRDA:523,49,0,0
BRDA:523,49,1,0
BRDA:545,50,0,0
BRDA:545,50,1,0
BRDA:551,51,0,0
BRDA:551,51,1,0
BRDA:555,52,0,0
BRDA:555,52,1,0
BRDA:561,53,0,0
BRDA:561,53,1,0
BRDA:577,54,0,0
BRDA:577,54,1,0
BRDA:580,55,0,0
BRDA:580,55,1,0
BRDA:586,56,0,0
BRDA:586,56,1,0
BRDA:590,57,0,0
BRDA:590,57,1,0
BRDA:596,58,0,0
BRDA:596,58,1,0
BRF:122
BRH:0
end_of_record
TN:
SF:/Volumes/Data/Eric/Develop/Repository/Vimo/src/components/datetime/datetime-util.js
FN:136,renderDateTime
FN:143,(anonymous_1)
FN:176,renderTextFormat
FN:252,dateValueRange
FN:313,dateSortValue
FN:321,dateDataSortValue
FN:333,daysInMonth
FN:343,isLeapYear
FN:351,parseDate
FN:441,updateDate
FN:502,parseTemplate
FN:507,(anonymous_11)
FN:517,(anonymous_12)
FN:518,(anonymous_13)
FN:519,(anonymous_14)
FN:545,getValueFromFormat
FN:559,convertFormatToKey
FN:572,convertDataToISO
FN:637,twoDigit
FN:645,threeDigit
FN:653,fourDigit
FNF:21
FNH:0
FNDA:0,renderDateTime
FNDA:0,(anonymous_1)
FNDA:0,renderTextFormat
FNDA:0,dateValueRange
FNDA:0,dateSortValue
FNDA:0,dateDataSortValue
FNDA:0,daysInMonth
FNDA:0,isLeapYear
FNDA:0,parseDate
FNDA:0,updateDate
FNDA:0,parseTemplate
FNDA:0,(anonymous_11)
FNDA:0,(anonymous_12)
FNDA:0,(anonymous_13)
FNDA:0,(anonymous_14)
FNDA:0,getValueFromFormat
FNDA:0,convertFormatToKey
FNDA:0,convertDataToISO
FNDA:0,twoDigit
FNDA:0,threeDigit
FNDA:0,fourDigit
DA:30,1
DA:31,1
DA:32,1
DA:33,1
DA:34,1
DA:35,1
DA:36,1
DA:37,1
DA:38,1
DA:39,1
DA:40,1
DA:41,1
DA:42,1
DA:43,1
DA:44,1
DA:45,1
DA:46,1
DA:47,1
DA:48,1
DA:49,1
DA:51,1
DA:74,1
DA:84,1
DA:86,1
DA:101,1
DA:116,1
DA:126,1
DA:127,1
DA:137,0
DA:138,0
DA:141,0
DA:142,0
DA:143,0
DA:144,0
DA:145,0
DA:146,0
DA:148,0
DA:149,0
DA:152,0
DA:154,0
DA:158,0
DA:159,0
DA:162,0
DA:163,0
DA:166,0
DA:177,0
DA:178,0
DA:179,0
DA:181,0
DA:182,0
DA:185,0
DA:189,0
DA:192,0
DA:193,0
DA:198,0
DA:199,0
DA:202,0
DA:203,0
DA:206,0
DA:214,0
DA:217,0
DA:218,0
DA:221,0
DA:222,0
DA:225,0
DA:226,0
DA:231,0
DA:232,0
DA:233,0
DA:235,0
DA:236,0
DA:238,0
DA:239,0
DA:243,0
DA:253,0
DA:256,0
DA:258,0
DA:259,0
DA:260,0
DA:262,0
DA:271,0
DA:272,0
DA:274,0
DA:281,0
DA:282,0
DA:284,0
DA:286,0
DA:287,0
DA:289,0
DA:291,0
DA:292,0
DA:294,0
DA:296,0
DA:297,0
DA:299,0
DA:301,0
DA:304,0
DA:314,0
DA:322,0
DA:323,0
DA:325,0
DA:334,0
DA:344,0
DA:359,0
DA:360,0
DA:362,0
DA:363,0
DA:365,0
DA:366,0
DA:369,0
DA:373,0
DA:374,0
DA:375,0
DA:376,0
DA:382,0
DA:388,0
DA:401,0
DA:403,0
DA:407,0
DA:408,0
DA:411,0
DA:412,0
DA:414,0
DA:415,0
DA:417,0
DA:419,0
DA:421,0
DA:425,0
DA:442,0
DA:443,0
DA:444,0
DA:447,0
DA:449,0
DA:451,0
DA:452,0
DA:454,0
DA:466,0
DA:467,0
DA:468,0
DA:471,0
DA:478,0
DA:479,0
DA:482,0
DA:485,0
DA:490,0
DA:491,0
DA:495,0
DA:503,0
DA:505,0
DA:507,0
DA:508,0
DA:513,0
DA:517,0
DA:518,0
DA:519,0
DA:520,0
DA:521,0
DA:523,0
DA:530,0
DA:533,0
DA:538,0
DA:546,0
DA:547,0
DA:549,0
DA:550,0
DA:552,0
DA:560,0
DA:561,0
DA:562,0
DA:565,0
DA:574,0
DA:576,0
DA:577,0
DA:579,0
DA:581,0
DA:583,0
DA:585,0
DA:587,0
DA:589,0
DA:591,0
DA:595,0
DA:597,0
DA:600,0
DA:602,0
DA:605,0
DA:614,0
DA:616,0
DA:618,0
DA:620,0
DA:622,0
DA:624,0
DA:630,0
DA:638,0
DA:646,0
DA:654,0
LF:195
LH:28
BRDA:137,0,0,0
BRDA:137,0,1,0
BRDA:144,1,0,0
BRDA:144,1,1,0
BRDA:148,2,0,0
BRDA:148,2,1,0
BRDA:148,3,0,0
BRDA:148,3,1,0
BRDA:148,3,2,0
BRDA:158,4,0,0
BRDA:158,4,1,0
BRDA:177,5,0,0
BRDA:177,5,1,0
BRDA:177,6,0,0
BRDA:177,6,1,0
BRDA:181,7,0,0
BRDA:181,7,1,0
BRDA:182,8,0,0
BRDA:182,8,1,0
BRDA:185,9,0,0
BRDA:185,9,1,0
BRDA:192,10,0,0
BRDA:192,10,1,0
BRDA:193,11,0,0
BRDA:193,11,1,0
BRDA:194,12,0,0
BRDA:194,12,1,0
BRDA:195,13,0,0
BRDA:195,13,1,0
BRDA:198,14,0,0
BRDA:198,14,1,0
BRDA:199,15,0,0
BRDA:199,15,1,0
BRDA:199,16,0,0
BRDA:199,16,1,0
BRDA:199,17,0,0
BRDA:199,17,1,0
BRDA:202,18,0,0
BRDA:202,18,1,0
BRDA:206,19,0,0
BRDA:206,19,1,0
BRDA:207,20,0,0
BRDA:207,20,1,0
BRDA:207,20,2,0
BRDA:207,20,3,0
BRDA:207,20,4,0
BRDA:207,20,5,0
BRDA:217,21,0,0
BRDA:217,21,1,0
BRDA:221,22,0,0
BRDA:221,22,1,0
BRDA:222,23,0,0
BRDA:222,23,1,0
BRDA:225,24,0,0
BRDA:225,24,1,0
BRDA:226,25,0,0
BRDA:226,25,1,0
BRDA:231,26,0,0
BRDA:231,26,1,0
BRDA:231,27,0,0
BRDA:231,27,1,0
BRDA:232,28,0,0
BRDA:232,28,1,0
BRDA:235,29,0,0
BRDA:235,29,1,0
BRDA:238,30,0,0
BRDA:238,30,1,0
BRDA:238,31,0,0
BRDA:238,31,1,0
BRDA:256,32,0,0
BRDA:256,32,1,0
BRDA:256,33,0,0
BRDA:256,33,1,0
BRDA:262,34,0,0
BRDA:262,34,1,0
BRDA:263,35,0,0
BRDA:263,35,1,0
BRDA:263,35,2,0
BRDA:263,35,3,0
BRDA:263,35,4,0
BRDA:263,35,5,0
BRDA:274,36,0,0
BRDA:274,36,1,0
BRDA:275,37,0,0
BRDA:275,37,1,0
BRDA:275,37,2,0
BRDA:275,37,3,0
BRDA:284,38,0,0
BRDA:284,38,1,0
BRDA:284,39,0,0
BRDA:284,39,1,0
BRDA:289,40,0,0
BRDA:289,40,1,0
BRDA:289,41,0,0
BRDA:289,41,1,0
BRDA:294,42,0,0
BRDA:294,42,1,0
BRDA:294,43,0,0
BRDA:294,43,1,0
BRDA:299,44,0,0
BRDA:299,44,1,0
BRDA:299,45,0,0
BRDA:299,45,1,0
BRDA:322,46,0,0
BRDA:322,46,1,0
BRDA:334,47,0,0
BRDA:334,47,1,0
BRDA:334,48,0,0
BRDA:334,48,1,0
BRDA:334,48,2,0
BRDA:334,48,3,0
BRDA:336,49,0,0
BRDA:336,49,1,0
BRDA:336,50,0,0
BRDA:336,50,1,0
BRDA:344,51,0,0
BRDA:344,51,1,0
BRDA:344,51,2,0
BRDA:359,52,0,0
BRDA:359,52,1,0
BRDA:360,53,0,0
BRDA:360,53,1,0
BRDA:363,54,0,0
BRDA:363,54,1,0
BRDA:373,55,0,0
BRDA:373,55,1,0
BRDA:375,56,0,0
BRDA:375,56,1,0
BRDA:382,57,0,0
BRDA:382,57,1,0
BRDA:401,58,0,0
BRDA:401,58,1,0
BRDA:408,59,0,0
BRDA:408,59,1,0
BRDA:412,60,0,0
BRDA:412,60,1,0
BRDA:412,61,0,0
BRDA:412,61,1,0
BRDA:415,62,0,0
BRDA:415,62,1,0
BRDA:419,63,0,0
BRDA:419,63,1,0
BRDA:441,64,0,0
BRDA:442,65,0,0
BRDA:442,65,1,0
BRDA:443,66,0,0
BRDA:443,66,1,0
BRDA:443,67,0,0
BRDA:443,67,1,0
BRDA:444,68,0,0
BRDA:444,68,1,0
BRDA:444,69,0,0
BRDA:444,69,1,0
BRDA:449,70,0,0
BRDA:449,70,1,0
BRDA:454,71,0,0
BRDA:454,71,1,0
BRDA:455,72,0,0
BRDA:455,72,1,0
BRDA:455,72,2,0
BRDA:455,72,3,0
BRDA:455,72,4,0
BRDA:455,72,5,0
BRDA:466,73,0,0
BRDA:466,73,1,0
BRDA:466,74,0,0
BRDA:466,74,1,0
BRDA:467,75,0,0
BRDA:467,75,1,0
BRDA:469,76,0,0
BRDA:469,76,1,0
BRDA:472,77,0,0
BRDA:472,77,1,0
BRDA:508,78,0,0
BRDA:508,78,1,0
BRDA:509,79,0,0
BRDA:509,79,1,0
BRDA:509,79,2,0
BRDA:520,80,0,0
BRDA:520,80,1,0
BRDA:521,81,0,0
BRDA:521,81,1,0
BRDA:521,82,0,0
BRDA:521,82,1,0
BRDA:523,83,0,0
BRDA:523,83,1,0
BRDA:524,84,0,0
BRDA:524,84,1,0
BRDA:524,84,2,0
BRDA:546,85,0,0
BRDA:546,85,1,0
BRDA:546,86,0,0
BRDA:546,86,1,0
BRDA:547,87,0,0
BRDA:547,87,1,0
BRDA:549,88,0,0
BRDA:549,88,1,0
BRDA:549,89,0,0
BRDA:549,89,1,0
BRDA:550,90,0,0
BRDA:550,90,1,0
BRDA:561,91,0,0
BRDA:561,91,1,0
BRDA:576,92,0,0
BRDA:576,92,1,0
BRDA:577,93,0,0
BRDA:577,93,1,0
BRDA:581,94,0,0
BRDA:581,94,1,0
BRDA:585,95,0,0
BRDA:585,95,1,0
BRDA:589,96,0,0
BRDA:589,96,1,0
BRDA:595,97,0,0
BRDA:595,97,1,0
BRDA:600,98,0,0
BRDA:600,98,1,0
BRDA:600,99,0,0
BRDA:600,99,1,0
BRDA:606,100,0,0
BRDA:606,100,1,0
BRDA:614,101,0,0
BRDA:614,101,1,0
BRDA:618,102,0,0
BRDA:618,102,1,0
BRDA:622,103,0,0
BRDA:622,103,1,0
BRDA:638,104,0,0
BRDA:638,104,1,0
BRDA:646,105,0,0
BRDA:646,105,1,0
BRDA:654,106,0,0
BRDA:654,106,1,0
BRF:233
BRH:0
end_of_record
TN:
SF:/Volumes/Data/Eric/Develop/Repository/Vimo/src/components/fab/index.js
FNF:0
FNH:0
LF:0
LH:0
BRF:0
BRH:0
end_of_record
TN:
SF:/Volumes/Data/Eric/Develop/Repository/Vimo/src/components/fab/fab.vue
FN:163,(anonymous_0)
FNF:1
FNH:0
FNDA:0,(anonymous_0)
DA:89,0
DA:111,0
DA:112,0
DA:123,0
DA:124,0
DA:125,0
DA:127,0
DA:134,0
DA:142,0
DA:143,0
DA:145,0
DA:146,0
DA:148,0
DA:149,0
DA:159,0
DA:163,0
DA:164,0
DA:165,0
DA:168,0
DA:169,0
DA:173,0
DA:174,0
DA:175,0
DA:179,0
LF:24
LH:0
BRDA:111,0,0,0
BRDA:111,0,1,0
BRDA:123,1,0,0
BRDA:123,1,1,0
BRDA:123,2,0,0
BRDA:123,2,1,0
BRDA:123,2,2,0
BRDA:125,3,0,0
BRDA:125,3,1,0
BRDA:142,4,0,0
BRDA:142,4,1,0
BRDA:164,5,0,0
BRDA:164,5,1,0
BRDA:168,6,0,0
BRDA:168,6,1,0
BRDA:173,7,0,0
BRDA:173,7,1,0
BRDA:173,8,0,0
BRDA:173,8,1,0
BRF:19
BRH:0
end_of_record
TN:
SF:/Volumes/Data/Eric/Develop/Repository/Vimo/src/components/fab/fab-button.vue
FNF:0
FNH:0
DA:32,0
DA:40,0
DA:47,0
DA:50,0
DA:60,0
DA:68,0
DA:76,0
LF:7
LH:0
BRDA:40,0,0,0
BRDA:40,0,1,0
BRDA:50,1,0,0
BRDA:50,1,1,0
BRF:4
BRH:0
end_of_record
TN:
SF:/Volumes/Data/Eric/Develop/Repository/Vimo/src/components/fab/fab-list.vue
FN:55,(anonymous_0)
FN:56,(anonymous_1)
FN:60,(anonymous_2)
FN:75,(anonymous_3)
FN:86,(anonymous_4)
FNF:5
FNH:0
FNDA:0,(anonymous_0)
FNDA:0,(anonymous_1)
FNDA:0,(anonymous_2)
FNDA:0,(anonymous_3)
FNDA:0,(anonymous_4)
DA:25,0
DA:37,0
DA:46,0
DA:47,0
DA:48,0
DA:50,0
DA:52,0
DA:53,0
DA:54,0
DA:55,0
DA:56,0
DA:57,0
DA:60,0
DA:62,0
DA:71,0
DA:75,0
DA:76,0
DA:77,0
DA:81,0
DA:82,0
DA:85,0
DA:86,0
DA:87,0
DA:88,0
LF:24
LH:0
BRDA:37,0,0,0
BRDA:37,0,1,0
BRDA:47,1,0,0
BRDA:47,1,1,0
BRDA:54,2,0,0
BRDA:54,2,1,0
BRDA:76,3,0,0
BRDA:76,3,1,0
BRDA:81,4,0,0
BRDA:81,4,1,0
BRF:10
BRH:0
end_of_record
TN:
SF:/Volumes/Data/Eric/Develop/Repository/Vimo/src/components/feedback/index.js
FNF:0
FNH:0
LF:0
LH:0
BRF:0
BRH:0
end_of_record
TN:
SF:/Volumes/Data/Eric/Develop/Repository/Vimo/src/components/feedback/feedback.vue
FN:152,(anonymous_0)
FN:173,(anonymous_1)
FN:177,(anonymous_2)
FN:220,(anonymous_3)
FN:240,(anonymous_4)
FN:242,(anonymous_5)
FNF:6
FNH:0
FNDA:0,(anonymous_0)
FNDA:0,(anonymous_1)
FNDA:0,(anonymous_2)
FNDA:0,(anonymous_3)
FNDA:0,(anonymous_4)
FNDA:0,(anonymous_5)
DA:83,0
DA:110,0
DA:117,0
DA:121,0
DA:131,0
DA:140,0
DA:151,0
DA:152,0
DA:153,0
DA:156,0
DA:167,0
DA:168,0
DA:170,0
DA:171,0
DA:172,0
DA:173,0
DA:174,0
DA:179,0
DA:180,0
DA:185,0
DA:190,0
DA:198,0
DA:199,0
DA:201,0
DA:210,0
DA:211,0
DA:219,0
DA:220,0
DA:222,0
DA:230,0
DA:231,0
DA:235,0
DA:236,0
DA:237,0
DA:238,0
DA:240,0
DA:241,0
DA:242,0
DA:243,0
DA:248,0
DA:250,0
DA:260,0
LF:42
LH:0
BRDA:110,0,0,0
BRDA:110,0,1,0
BRDA:158,1,0,0
BRDA:158,1,1,0
BRDA:159,2,0,0
BRDA:159,2,1,0
BRDA:167,3,0,0
BRDA:167,3,1,0
BRDA:168,4,0,0
BRDA:168,4,1,0
BRDA:173,5,0,0
BRDA:173,5,1,0
BRDA:174,6,0,0
BRDA:174,6,1,0
BRDA:179,7,0,0
BRDA:179,7,1,0
BRDA:179,8,0,0
BRDA:179,8,1,0
BRDA:179,8,2,0
BRDA:179,8,3,0
BRDA:198,9,0,0
BRDA:198,9,1,0
BRDA:231,10,0,0
BRDA:231,10,1,0
BRDA:235,11,0,0
BRDA:235,11,1,0
BRDA:235,12,0,0
BRDA:235,12,1,0
BRDA:237,13,0,0
BRDA:237,13,1,0
BRF:30
BRH:0
end_of_record
TN:
SF:/Volumes/Data/Eric/Develop/Repository/Vimo/src/components/feedback/fixImage.js
FN:8,(anonymous_0)
FN:293,addEvent
FN:301,imageHasData
FN:305,getImageData
FN:306,(anonymous_4)
FN:315,findEXIFinJPEG
FN:367,readTags
FN:383,readTagValue
FN:484,readEXIFData
FN:602,getData
FN:614,getTag
FN:619,getAllTags
FN:632,pretty
FN:661,readFromBinaryFile
FN:684,(anonymous_14)
FN:689,(anonymous_15)
FN:696,(anonymous_16)
FN:700,(anonymous_17)
FN:711,(anonymous_18)
FN:715,(anonymous_19)
FN:722,(anonymous_20)
FN:726,(anonymous_21)
FN:732,(anonymous_22)
FN:739,(anonymous_23)
FN:744,(anonymous_24)
FN:756,(anonymous_25)
FN:762,(anonymous_26)
FN:772,(anonymous_27)
FN:775,(anonymous_28)
FN:778,(anonymous_29)
FN:782,(anonymous_30)
FN:783,createRequest
FN:793,getHead
FN:798,(anonymous_33)
FN:807,(anonymous_34)
FN:833,sendRequest
FN:847,(anonymous_36)
FN:867,(anonymous_37)
FN:916,(anonymous_38)
FN:918,(anonymous_39)
FN:962,canvasResize
FN:965,(anonymous_41)
FN:987,(anonymous_42)
FN:1019,(anonymous_43)
FN:1039,(anonymous_44)
FN:1064,(anonymous_45)
FN:1126,(anonymous_46)
FN:1149,(anonymous_47)
FN:1152,(anonymous_48)
FN:1187,(anonymous_49)
FN:1193,(anonymous_50)
FN:1200,(anonymous_51)
FN:1294,Plugin
FNF:53
FNH:2
FNDA:1,(anonymous_0)
FNDA:0,addEvent
FNDA:0,imageHasData
FNDA:0,getImageData
FNDA:0,(anonymous_4)
FNDA:0,findEXIFinJPEG
FNDA:0,readTags
FNDA:0,readTagValue
FNDA:0,readEXIFData
FNDA:0,getData
FNDA:0,getTag
FNDA:0,getAllTags
FNDA:0,pretty
FNDA:0,readFromBinaryFile
FNDA:0,(anonymous_14)
FNDA:0,(anonymous_15)
FNDA:0,(anonymous_16)
FNDA:0,(anonymous_17)
FNDA:0,(anonymous_18)
FNDA:0,(anonymous_19)
FNDA:0,(anonymous_20)
FNDA:0,(anonymous_21)
FNDA:0,(anonymous_22)
FNDA:0,(anonymous_23)
FNDA:0,(anonymous_24)
FNDA:0,(anonymous_25)
FNDA:0,(anonymous_26)
FNDA:0,(anonymous_27)
FNDA:0,(anonymous_28)
FNDA:0,(anonymous_29)
FNDA:1,(anonymous_30)
FNDA:0,createRequest
FNDA:0,getHead
FNDA:0,(anonymous_33)
FNDA:0,(anonymous_34)
FNDA:0,sendRequest
FNDA:0,(anonymous_36)
FNDA:0,(anonymous_37)
FNDA:0,(anonymous_38)
FNDA:0,(anonymous_39)
FNDA:0,canvasResize
FNDA:0,(anonymous_41)
FNDA:0,(anonymous_42)
FNDA:0,(anonymous_43)
FNDA:0,(anonymous_44)
FNDA:0,(anonymous_45)
FNDA:0,(anonymous_46)
FNDA:0,(anonymous_47)
FNDA:0,(anonymous_48)
FNDA:0,(anonymous_49)
FNDA:0,(anonymous_50)
FNDA:0,(anonymous_51)
FNDA:0,Plugin
DA:8,1
DA:9,1
DA:11,1
DA:86,1
DA:122,1
DA:156,1
DA:294,0
DA:295,0
DA:296,0
DA:297,0
DA:302,0
DA:306,0
DA:307,0
DA:308,0
DA:309,0
DA:310,0
DA:316,0
DA:317,0
DA:320,0
DA:321,0
DA:324,0
DA:325,0
DA:326,0
DA:327,0
DA:334,0
DA:337,0
DA:342,0
DA:343,0
DA:345,0
DA:352,0
DA:354,0
DA:356,0
DA:362,0
DA:368,0
DA:369,0
DA:374,0
DA:375,0
DA:376,0
DA:377,0
DA:378,0
DA:380,0
DA:384,0
DA:385,0
DA:386,0
DA:394,0
DA:397,0
DA:398,0
DA:400,0
DA:401,0
DA:402,0
DA:403,0
DA:405,0
DA:409,0
DA:410,0
DA:413,0
DA:414,0
DA:416,0
DA:417,0
DA:418,0
DA:419,0
DA:421,0
DA:425,0
DA:426,0
DA:428,0
DA:429,0
DA:430,0
DA:432,0
DA:436,0
DA:437,0
DA:438,0
DA:439,0
DA:440,0
DA:441,0
DA:442,0
DA:444,0
DA:445,0
DA:446,0
DA:447,0
DA:448,0
DA:449,0
DA:450,0
DA:452,0
DA:456,0
DA:457,0
DA:459,0
DA:460,0
DA:461,0
DA:463,0
DA:467,0
DA:468,0
DA:473,0
DA:474,0
DA:475,0
DA:479,0
DA:485,0
DA:486,0
DA:487,0
DA:495,0
DA:498,0
DA:499,0
DA:500,0
DA:501,0
DA:503,0
DA:504,0
DA:507,0
DA:508,0
DA:509,0
DA:512,0
DA:513,0
DA:514,0
DA:519,0
DA:522,0
DA:524,0
DA:525,0
DA:532,0
DA:533,0
DA:549,0
DA:550,0
DA:554,0
DA:560,0
DA:563,0
DA:568,0
DA:570,0
DA:574,0
DA:575,0
DA:582,0
DA:583,0
DA:585,0
DA:593,0
DA:595,0
DA:599,0
DA:603,0
DA:604,0
DA:605,0
DA:607,0
DA:608,0
DA:611,0
DA:615,0
DA:616,0
DA:620,0
DA:622,0
DA:623,0
DA:624,0
DA:625,0
DA:626,0
DA:629,0
DA:633,0
DA:635,0
DA:636,0
DA:637,0
DA:638,0
DA:639,0
DA:640,0
DA:641,0
DA:651,0
DA:654,0
DA:658,0
DA:662,0
DA:665,1
DA:684,1
DA:685,0
DA:686,0
DA:687,0
DA:689,0
DA:690,0
DA:693,0
DA:694,0
DA:696,0
DA:697,0
DA:700,0
DA:701,0
DA:703,0
DA:704,0
DA:706,0
DA:708,0
DA:709,0
DA:711,0
DA:712,0
DA:715,0
DA:716,0
DA:722,0
DA:723,0
DA:726,0
DA:727,0
DA:728,0
DA:729,0
DA:732,0
DA:733,0
DA:736,0
DA:737,0
DA:739,0
DA:740,0
DA:741,0
DA:742,0
DA:744,0
DA:745,0
DA:746,0
DA:747,0
DA:748,0
DA:750,0
DA:753,0
DA:754,0
DA:756,0
DA:757,0
DA:758,0
DA:759,0
DA:762,0
DA:763,0
DA:765,0
DA:766,0
DA:767,0
DA:769,0
DA:772,0
DA:773,0
DA:775,0
DA:776,0
DA:778,0
DA:779,0
DA:782,1
DA:784,0
DA:785,0
DA:786,0
DA:787,0
DA:788,0
DA:790,0
DA:794,0
DA:795,0
DA:796,0
DA:797,0
DA:798,0
DA:799,0
DA:800,0
DA:802,0
DA:804,0
DA:807,0
DA:808,0
DA:809,0
DA:810,0
DA:812,0
DA:814,0
DA:819,0
DA:820,0
DA:822,0
DA:834,0
DA:835,0
DA:836,0
DA:837,0
DA:838,0
DA:840,0
DA:841,0
DA:842,0
DA:845,0
DA:846,0
DA:847,0
DA:848,0
DA:853,0
DA:858,0
DA:860,0
DA:862,0
DA:864,0
DA:867,0
DA:868,0
DA:869,0
DA:875,0
DA:888,0
DA:890,0
DA:892,0
DA:897,0
DA:899,0
DA:901,0
DA:902,0
DA:905,0
DA:910,0
DA:912,0
DA:916,1
DA:917,0
DA:918,0
DA:919,0
DA:920,0
DA:923,0
DA:924,0
DA:925,0
DA:927,0
DA:937,0
DA:963,0
DA:964,0
DA:966,0
DA:967,0
DA:968,0
DA:969,0
DA:970,0
DA:971,0
DA:972,0
DA:973,0
DA:974,0
DA:975,0
DA:977,0
DA:978,0
DA:981,0
DA:988,0
DA:992,0
DA:993,0
DA:994,0
DA:995,0
DA:996,0
DA:999,0
DA:1000,0
DA:1002,0
DA:1005,0
DA:1006,0
DA:1009,0
DA:1012,0
DA:1020,0
DA:1021,0
DA:1022,0
DA:1024,0
DA:1025,0
DA:1026,0
DA:1027,0
DA:1031,0
DA:1033,0
DA:1040,0
DA:1058,0
DA:1065,0
DA:1070,0
DA:1071,0
DA:1072,0
DA:1074,0
DA:1075,0
DA:1077,0
DA:1078,0
DA:1081,0
DA:1084,0
DA:1085,0
DA:1086,0
DA:1089,0
DA:1090,0
DA:1091,0
DA:1094,0
DA:1095,0
DA:1096,0
DA:1099,0
DA:1100,0
DA:1101,0
DA:1104,0
DA:1105,0
DA:1106,0
DA:1109,0
DA:1110,0
DA:1111,0
DA:1112,0
DA:1115,0
DA:1116,0
DA:1117,0
DA:1119,0
DA:1127,0
DA:1128,0
DA:1129,0
DA:1130,0
DA:1131,0
DA:1132,0
DA:1134,0
DA:1135,0
DA:1136,0
DA:1137,0
DA:1138,0
DA:1139,0
DA:1140,0
DA:1142,0
DA:1144,0
DA:1146,0
DA:1147,0
DA:1150,0
DA:1153,0
DA:1154,0
DA:1155,0
DA:1156,0
DA:1157,0
DA:1158,0
DA:1159,0
DA:1161,0
DA:1162,0
DA:1163,0
DA:1166,0
DA:1167,0
DA:1168,0
DA:1169,0
DA:1170,0
DA:1174,0
DA:1177,0
DA:1186,0
DA:1189,0
DA:1190,0
DA:1192,0
DA:1193,0
DA:1194,0
DA:1195,0
DA:1196,0
DA:1197,0
DA:1199,0
DA:1200,0
DA:1201,0
DA:1202,0
DA:1206,0
DA:1222,0
DA:1223,0
DA:1224,0
DA:1225,0
DA:1227,0
DA:1228,0
DA:1229,0
DA:1230,0
DA:1233,0
DA:1234,0
DA:1235,0
DA:1237,0
DA:1238,0
DA:1239,0
DA:1240,0
DA:1241,0
DA:1242,0
DA:1243,0
DA:1244,0
DA:1245,0
DA:1246,0
DA:1247,0
DA:1248,0
DA:1249,0
DA:1250,0
DA:1251,0
DA:1252,0
DA:1253,0
DA:1254,0
DA:1255,0
DA:1257,0
DA:1259,0
DA:1260,0
DA:1263,0
DA:1264,0
DA:1265,0
DA:1266,0
DA:1267,0
DA:1268,0
DA:1269,0
DA:1272,0
DA:1273,0
DA:1275,0
DA:1282,0
DA:1286,0
DA:1289,0
DA:1295,0
DA:1297,0
DA:1298,0
DA:1299,0
DA:1300,0
DA:1303,0
DA:1304,0
DA:1307,0
LF:458
LH:10
BRDA:294,0,0,0
BRDA:294,0,1,0
BRDA:296,1,0,0
BRDA:296,1,1,0
BRDA:308,2,0,0
BRDA:308,2,1,0
BRDA:309,3,0,0
BRDA:309,3,1,0
BRDA:316,4,0,0
BRDA:316,4,1,0
BRDA:316,5,0,0
BRDA:316,5,1,0
BRDA:325,6,0,0
BRDA:325,6,1,0
BRDA:326,7,0,0
BRDA:326,7,1,0
BRDA:342,8,0,0
BRDA:342,8,1,0
BRDA:343,9,0,0
BRDA:343,9,1,0
[...]
FNF:0
FNH:0
LF:0
LH:0
BRF:0
BRH:0
end_of_record
TN:
SF:/Volumes/Data/Eric/Develop/Repository/Vimo/examples/src/config/platform-configs.js
FNF:0
FNH:0
LF:0
LH:0
BRF:0
BRH:0
end_of_record
TN:
SF:/Volumes/Data/Eric/Develop/Repository/Vimo/examples/src/config/platforms/platform-wechat-config.js
FN:27,(anonymous_0)
FN:28,(anonymous_1)
FN:30,(anonymous_2)
FN:31,beforeBridgeReady
FN:54,(anonymous_4)
FNF:5
FNH:0
FNDA:0,(anonymous_0)
FNDA:0,(anonymous_1)
FNDA:0,(anonymous_2)
FNDA:0,beforeBridgeReady
FNDA:0,(anonymous_4)
DA:20,0
DA:21,0
DA:27,0
DA:28,0
DA:30,0
DA:33,0
DA:34,0
DA:38,0
DA:40,0
DA:41,0
DA:44,0
DA:45,0
DA:46,0
DA:49,0
DA:54,0
DA:55,0
DA:63,0
DA:64,0
DA:65,0
DA:69,0
DA:70,0
DA:71,0
DA:81,5
DA:84,0
LF:24
LH:1
BRDA:33,0,0,0
BRDA:33,0,1,0
BRDA:41,1,0,0
BRDA:41,1,1,0
BRDA:44,2,0,0
BRDA:44,2,1,0
BRDA:45,3,0,0
BRDA:45,3,1,0
BRDA:64,4,0,0
BRDA:64,4,1,0
BRDA:64,5,0,0
BRDA:64,5,1,0
BRDA:64,5,2,0
BRDA:70,6,0,0
BRDA:70,6,1,0
BRDA:70,7,0,0
BRDA:70,7,1,0
BRDA:70,7,2,0
BRF:18
BRH:0
end_of_record
TN:
SF:/Volumes/Data/Eric/Develop/Repository/Vimo/examples/src/config/platforms/variable.js
FNF:0
FNH:0
DA:2,1
LF:1
LH:1
BRF:0
BRH:0
end_of_record
TN:
SF:/Volumes/Data/Eric/Develop/Repository/Vimo/src/util/loadScript.js
FN:6,loadScript
FN:12,(anonymous_1)
FNF:2
FNH:1
FNDA:1,loadScript
FNDA:0,(anonymous_1)
DA:7,1
DA:8,1
DA:9,1
DA:10,1
DA:11,1
DA:12,1
DA:13,0
LF:7
LH:6
BRDA:13,0,0,0
BRDA:13,0,1,0
BRF:2
BRH:0
end_of_record
TN:
SF:/Volumes/Data/Eric/Develop/Repository/Vimo/src/util/checkProtocol.js
FN:5,checkProtocol
FNF:1
FNH:1
FNDA:1,checkProtocol
DA:6,1
DA:7,1
DA:8,0
DA:10,1
DA:12,1
LF:5
LH:4
BRDA:7,0,0,0
BRDA:7,0,1,1
BRF:2
BRH:1
end_of_record
TN:
SF:/Volumes/Data/Eric/Develop/Repository/Vimo/examples/src/config/platforms/platform-alipay-config.js
FN:24,(anonymous_0)
FN:25,(anonymous_1)
FN:26,(anonymous_2)
FN:27,beforeBridgeReady
FN:51,(anonymous_4)
FNF:5
FNH:1
FNDA:1,(anonymous_0)
FNDA:0,(anonymous_1)
FNDA:0,(anonymous_2)
FNDA:0,beforeBridgeReady
FNDA:0,(anonymous_4)
DA:18,1
DA:19,1
DA:24,1
DA:25,1
DA:26,0
DA:29,0
DA:30,0
DA:33,0
DA:35,0
DA:36,0
DA:39,0
DA:42,0
DA:43,0
DA:44,0
DA:47,0
DA:51,1
DA:52,0
DA:62,1
DA:63,1
DA:64,1
DA:69,1
DA:70,1
DA:71,0
DA:82,5
DA:85,1
LF:25
LH:12
BRDA:29,0,0,0
BRDA:29,0,1,0
BRDA:36,1,0,0
BRDA:36,1,1,0
BRDA:42,2,0,0
BRDA:42,2,1,0
BRDA:43,3,0,0
BRDA:43,3,1,0
BRDA:63,4,0,1
BRDA:63,4,1,0
BRDA:63,5,0,1
BRDA:63,5,1,1
BRDA:63,5,2,1
BRDA:70,6,0,0
BRDA:70,6,1,1
BRDA:70,7,0,1
BRDA:70,7,1,0
BRDA:70,7,2,0
BRF:18
BRH:6
end_of_record
TN:
SF:/Volumes/Data/Eric/Develop/Repository/Vimo/examples/src/config/platforms/platform-alipay-drive.js
FN:10,(anonymous_0)
FN:13,(anonymous_1)
FN:25,(anonymous_2)
FN:26,(anonymous_3)
FN:28,(anonymous_4)
FN:35,(anonymous_5)
FN:40,(anonymous_6)
FN:45,(anonymous_7)
FN:52,(anonymous_8)
FN:74,(anonymous_9)
FN:88,(anonymous_10)
FN:96,(anonymous_11)
FN:107,(anonymous_12)
FN:119,(anonymous_13)
FN:134,(anonymous_14)
FN:147,(anonymous_15)
FN:166,(anonymous_16)
FN:176,(anonymous_17)
FN:183,(anonymous_18)
FN:190,(anonymous_19)
FN:197,(anonymous_20)
FN:203,(anonymous_21)
FN:208,(anonymous_22)
FN:222,(anonymous_23)
FN:227,(anonymous_24)
FN:272,(anonymous_25)
FN:279,(anonymous_26)
FN:293,(anonymous_27)
FN:330,(anonymous_28)
FN:338,(anonymous_29)
FN:342,(anonymous_30)
FN:352,(anonymous_31)
FN:365,(anonymous_32)
FN:374,(anonymous_33)
FN:396,(anonymous_34)
FN:440,(anonymous_35)
FN:481,(anonymous_36)
FN:488,(anonymous_37)
FN:495,(anonymous_38)
FN:504,(anonymous_39)
FN:517,(anonymous_40)
FN:524,(anonymous_41)
FN:527,(anonymous_42)
FN:534,(anonymous_43)
FN:540,(anonymous_44)
FN:549,(anonymous_45)
FN:578,(anonymous_46)
FN:583,(anonymous_47)
FN:586,(anonymous_48)
FN:592,(anonymous_49)
FN:595,(anonymous_50)
FNF:51
FNH:0
FNDA:0,(anonymous_0)
FNDA:0,(anonymous_1)
FNDA:0,(anonymous_2)
FNDA:0,(anonymous_3)
FNDA:0,(anonymous_4)
FNDA:0,(anonymous_5)
FNDA:0,(anonymous_6)
FNDA:0,(anonymous_7)
FNDA:0,(anonymous_8)
FNDA:0,(anonymous_9)
FNDA:0,(anonymous_10)
FNDA:0,(anonymous_11)
FNDA:0,(anonymous_12)
FNDA:0,(anonymous_13)
FNDA:0,(anonymous_14)
FNDA:0,(anonymous_15)
FNDA:0,(anonymous_16)
FNDA:0,(anonymous_17)
FNDA:0,(anonymous_18)
FNDA:0,(anonymous_19)
FNDA:0,(anonymous_20)
FNDA:0,(anonymous_21)
FNDA:0,(anonymous_22)
FNDA:0,(anonymous_23)
FNDA:0,(anonymous_24)
FNDA:0,(anonymous_25)
FNDA:0,(anonymous_26)
FNDA:0,(anonymous_27)
FNDA:0,(anonymous_28)
FNDA:0,(anonymous_29)
FNDA:0,(anonymous_30)
FNDA:0,(anonymous_31)
FNDA:0,(anonymous_32)
FNDA:0,(anonymous_33)
FNDA:0,(anonymous_34)
FNDA:0,(anonymous_35)
FNDA:0,(anonymous_36)
FNDA:0,(anonymous_37)
FNDA:0,(anonymous_38)
FNDA:0,(anonymous_39)
FNDA:0,(anonymous_40)
FNDA:0,(anonymous_41)
FNDA:0,(anonymous_42)
FNDA:0,(anonymous_43)
FNDA:0,(anonymous_44)
FNDA:0,(anonymous_45)
FNDA:0,(anonymous_46)
FNDA:0,(anonymous_47)
FNDA:0,(anonymous_48)
FNDA:0,(anonymous_49)
FNDA:0,(anonymous_50)
DA:13,0
DA:21,0
DA:25,0
DA:26,0
DA:27,0
DA:28,0
DA:29,0
DA:35,0
DA:36,0
DA:40,0
DA:41,0
DA:45,0
DA:46,0
DA:47,0
DA:48,0
DA:49,0
DA:54,0
DA:55,0
DA:56,0
DA:57,0
DA:58,0
DA:59,0
DA:60,0
DA:61,0
DA:62,0
DA:64,0
DA:67,0
DA:69,0
DA:76,0
DA:77,0
DA:79,0
DA:82,0
DA:84,0
DA:88,0
DA:90,0
DA:91,0
DA:92,0
DA:97,0
DA:99,0
DA:103,0
DA:104,0
DA:105,0
DA:106,0
DA:107,0
DA:108,0
DA:109,0
DA:111,0
DA:114,0
DA:120,0
DA:121,0
DA:123,0
DA:126,0
DA:130,0
DA:131,0
DA:132,0
DA:133,0
DA:134,0
DA:135,0
DA:136,0
DA:138,0
DA:141,0
DA:153,0
DA:154,0
DA:156,0
DA:159,0
DA:162,0
DA:166,0
DA:167,0
DA:168,0
DA:172,0
DA:176,0
DA:177,0
DA:178,0
DA:179,0
DA:183,0
DA:184,0
DA:185,0
DA:191,0
DA:193,0
DA:197,0
DA:198,0
DA:199,0
DA:203,0
DA:204,0
DA:208,0
DA:209,0
DA:210,0
DA:212,0
DA:214,0
DA:216,0
DA:222,0
DA:223,0
DA:224,0
DA:226,0
DA:227,0
DA:229,0
DA:235,0
DA:236,0
DA:237,0
DA:238,0
DA:240,0
DA:241,0
DA:244,0
DA:246,0
DA:249,0
DA:252,0
DA:253,0
DA:254,0
DA:256,0
DA:257,0
DA:262,0
DA:263,0
DA:264,0
DA:265,0
DA:266,0
DA:267,0
DA:268,0
DA:269,0
DA:270,0
DA:271,0
DA:272,0
DA:273,0
DA:276,0
DA:277,0
DA:278,0
DA:279,0
DA:280,0
DA:285,0
DA:301,0
DA:302,0
DA:303,0
DA:304,0
DA:311,0
DA:312,0
DA:318,0
DA:321,0
DA:324,0
DA:326,0
DA:330,0
DA:331,0
DA:334,0
DA:338,0
DA:340,0
DA:341,0
DA:342,0
DA:343,0
DA:344,0
DA:345,0
DA:349,0
DA:351,0
DA:352,0
DA:353,0
DA:365,0
DA:367,0
DA:370,0
DA:371,0
DA:372,0
DA:373,0
DA:374,0
DA:375,0
DA:376,0
DA:377,0
DA:378,0
DA:380,0
DA:384,0
DA:385,0
DA:386,0
DA:387,0
DA:389,0
DA:390,0
DA:391,0
DA:392,0
DA:396,0
DA:397,0
DA:398,0
DA:399,0
DA:400,0
DA:401,0
DA:402,0
DA:403,0
DA:406,0
DA:410,0
DA:411,0
DA:412,0
DA:413,0
DA:415,0
DA:418,0
DA:422,0
DA:423,0
DA:427,0
DA:440,0
DA:441,0
DA:442,0
DA:443,0
DA:445,0
DA:451,0
DA:452,0
DA:453,0
DA:459,0
DA:464,0
DA:467,0
DA:470,0
DA:475,0
DA:477,0
DA:481,0
DA:483,0
DA:484,0
DA:488,0
DA:490,0
DA:491,0
DA:495,0
DA:497,0
DA:500,0
DA:504,0
DA:505,0
DA:506,0
DA:509,0
DA:510,0
DA:514,0
DA:517,0
DA:518,0
DA:521,0
DA:524,0
DA:525,0
DA:528,0
DA:529,0
DA:531,0
DA:534,0
DA:535,0
DA:536,0
DA:540,0
DA:541,0
DA:542,0
DA:546,0
DA:549,0
DA:567,0
DA:575,0
DA:578,0
DA:579,0
DA:580,0
DA:583,0
DA:584,0
DA:587,0
DA:589,0
DA:592,0
DA:593,0
DA:596,0
DA:598,0
LF:248
LH:0
BRDA:29,0,0,0
BRDA:29,0,1,0
BRDA:36,1,0,0
BRDA:36,1,1,0
BRDA:46,2,0,0
BRDA:46,2,1,0
BRDA:46,3,0,0
BRDA:46,3,1,0
BRDA:46,3,2,0
BRDA:46,3,3,0
BRDA:56,4,0,0
BRDA:56,4,1,0
BRDA:60,5,0,0
BRDA:60,5,1,0
BRDA:71,6,0,0
BRDA:71,6,1,0
BRDA:72,7,0,0
BRDA:72,7,1,0
BRDA:73,8,0,0
BRDA:73,8,1,0
BRDA:76,9,0,0
BRDA:76,9,1,0
BRDA:77,10,0,0
BRDA:77,10,1,0
BRDA:77,10,2,0
BRDA:79,11,0,0
BRDA:79,11,1,0
BRDA:90,12,0,0
BRDA:90,12,1,0
BRDA:93,13,0,0
BRDA:93,13,1,0
BRDA:94,14,0,0
BRDA:94,14,1,0
BRDA:95,15,0,0
BRDA:95,15,1,0
BRDA:97,16,0,0
BRDA:97,16,1,0
BRDA:97,16,2,0
BRDA:103,17,0,0
BRDA:103,17,1,0
BRDA:103,18,0,0
BRDA:103,18,1,0
BRDA:108,19,0,0
BRDA:108,19,1,0
BRDA:115,20,0,0
BRDA:115,20,1,0
BRDA:116,21,0,0
BRDA:116,21,1,0
BRDA:117,22,0,0
BRDA:117,22,1,0
BRDA:118,23,0,0
BRDA:118,23,1,0
BRDA:120,24,0,0
BRDA:120,24,1,0
BRDA:121,25,0,0
BRDA:121,25,1,0
BRDA:123,26,0,0
BRDA:123,26,1,0
BRDA:130,27,0,0
BRDA:130,27,1,0
BRDA:130,28,0,0
BRDA:130,28,1,0
BRDA:130,28,2,0
BRDA:130,28,3,0
BRDA:130,28,4,0
BRDA:135,29,0,0
BRDA:135,29,1,0
BRDA:142,30,0,0
BRDA:142,30,1,0
BRDA:143,31,0,0
BRDA:143,31,1,0
BRDA:144,32,0,0
BRDA:144,32,1,0
BRDA:145,33,0,0
BRDA:145,33,1,0
BRDA:153,34,0,0
BRDA:153,34,1,0
BRDA:154,35,0,0
BRDA:154,35,1,0
BRDA:156,36,0,0
BRDA:156,36,1,0
BRDA:169,37,0,0
BRDA:169,37,1,0
BRDA:170,38,0,0
BRDA:170,38,1,0
BRDA:186,39,0,0
BRDA:186,39,1,0
BRDA:187,40,0,0
BRDA:187,40,1,0
BRDA:189,41,0,0
BRDA:189,41,1,0
BRDA:191,42,0,0
BRDA:191,42,1,0
BRDA:204,43,0,0
BRDA:204,43,1,0
BRDA:204,44,0,0
BRDA:204,44,1,0
BRDA:209,45,0,0
BRDA:209,45,1,0
BRDA:212,46,0,0
BRDA:212,46,1,0
BRDA:223,47,0,0
BRDA:223,47,1,0
BRDA:235,48,0,0
BRDA:235,48,1,0
BRDA:236,49,0,0
BRDA:236,49,1,0
BRDA:236,50,0,0
BRDA:236,50,1,0
BRDA:240,51,0,0
BRDA:240,51,1,0
BRDA:241,52,0,0
BRDA:241,52,1,0
BRDA:252,53,0,0
BRDA:252,53,1,0
BRDA:269,54,0,0
BRDA:269,54,1,0
BRDA:271,55,0,0
BRDA:271,55,1,0
BRDA:276,56,0,0
BRDA:276,56,1,0
BRDA:278,57,0,0
BRDA:278,57,1,0
BRDA:302,58,0,0
BRDA:302,58,1,0
BRDA:303,59,0,0
BRDA:303,59,1,0
BRDA:311,60,0,0
BRDA:311,60,1,0
BRDA:318,61,0,0
BRDA:318,61,1,0
BRDA:321,62,0,0
BRDA:321,62,1,0
BRDA:341,63,0,0
BRDA:341,63,1,0
BRDA:341,64,0,0
BRDA:341,64,1,0
BRDA:344,65,0,0
BRDA:344,65,1,0
BRDA:349,66,0,0
BRDA:349,66,1,0
BRDA:370,67,0,0
BRDA:370,67,1,0
BRDA:385,68,0,0
BRDA:385,68,1,0
BRDA:385,69,0,0
BRDA:385,69,1,0
BRDA:390,70,0,0
BRDA:390,70,1,0
BRDA:397,71,0,0
BRDA:397,71,1,0
BRDA:399,72,0,0
BRDA:399,72,1,0
BRDA:399,73,0,0
BRDA:399,73,1,0
BRDA:401,74,0,0
BRDA:401,74,1,0
BRDA:410,75,0,0
BRDA:410,75,1,0
BRDA:412,76,0,0
BRDA:412,76,1,0
BRDA:422,77,0,0
BRDA:422,77,1,0
BRDA:441,78,0,0
BRDA:441,78,1,0
BRDA:442,79,0,0
BRDA:442,79,1,0
BRDA:451,80,0,0
BRDA:451,80,1,0
BRDA:464,81,0,0
BRDA:464,81,1,0
BRDA:505,82,0,0
BRDA:505,82,1,0
BRDA:507,83,0,0
BRDA:507,83,1,0
BRDA:509,84,0,0
BRDA:509,84,1,0
BRDA:511,85,0,0
BRDA:511,85,1,0
BRDA:529,86,0,0
BRDA:529,86,1,0
BRDA:543,87,0,0
BRDA:543,87,1,0
BRDA:571,88,0,0
BRDA:571,88,1,0
BRDA:571,88,2,0
BRF:186
BRH:0
end_of_record
TN:
SF:/Volumes/Data/Eric/Develop/Repository/Vimo/examples/src/config/platforms/platform-dingtalk-config.js
FN:24,(anonymous_0)
FN:26,(anonymous_1)
FN:27,(anonymous_2)
FN:31,(anonymous_3)
FN:36,(anonymous_4)
FN:46,(anonymous_5)
FN:75,(anonymous_6)
FNF:7
FNH:0
FNDA:0,(anonymous_0)
FNDA:0,(anonymous_1)
FNDA:0,(anonymous_2)
FNDA:0,(anonymous_3)
FNDA:0,(anonymous_4)
FNDA:0,(anonymous_5)
FNDA:0,(anonymous_6)
DA:18,0
DA:19,0
DA:24,0
DA:26,0
DA:27,0
DA:29,0
DA:31,0
DA:32,0
DA:33,0
DA:36,0
DA:37,0
DA:38,0
DA:42,0
DA:46,0
DA:47,0
DA:56,0
DA:57,0
DA:58,0
DA:70,0
DA:71,0
DA:72,0
DA:73,0
DA:74,0
DA:76,0
DA:77,0
DA:153,5
DA:156,0
LF:27
LH:1
BRDA:33,0,0,0
BRDA:33,0,1,0
BRDA:38,1,0,0
BRDA:38,1,1,0
BRDA:57,2,0,0
BRDA:57,2,1,0
BRDA:57,3,0,0
BRDA:57,3,1,0
BRDA:57,3,2,0
BRF:9
BRH:0
end_of_record
TN:
SF:/Volumes/Data/Eric/Develop/Repository/Vimo/examples/src/config/platforms/platform-dingtalk-drive.js
FN:10,(anonymous_0)
FN:24,(anonymous_1)
FN:82,(anonymous_2)
FN:93,(anonymous_3)
FN:98,(anonymous_4)
FN:105,(anonymous_5)
FN:141,(anonymous_6)
FN:147,(anonymous_7)
FN:192,(anonymous_8)
FN:221,(anonymous_9)
FN:249,(anonymous_10)
FN:259,(anonymous_11)
FN:266,(anonymous_12)
FN:275,(anonymous_13)
FN:284,(anonymous_14)
FN:288,(anonymous_15)
FN:293,(anonymous_16)
FN:307,(anonymous_17)
FN:312,(anonymous_18)
FN:350,(anonymous_19)
FN:384,(anonymous_20)
FN:388,(anonymous_21)
FN:400,(anonymous_22)
FN:418,(anonymous_23)
FN:470,(anonymous_24)
FN:507,(anonymous_25)
FN:516,(anonymous_26)
FN:526,(anonymous_27)
FN:531,(anonymous_28)
FNF:29
FNH:0
FNDA:0,(anonymous_0)
FNDA:0,(anonymous_1)
FNDA:0,(anonymous_2)
FNDA:0,(anonymous_3)
FNDA:0,(anonymous_4)
FNDA:0,(anonymous_5)
FNDA:0,(anonymous_6)
FNDA:0,(anonymous_7)
FNDA:0,(anonymous_8)
FNDA:0,(anonymous_9)
FNDA:0,(anonymous_10)
FNDA:0,(anonymous_11)
FNDA:0,(anonymous_12)
FNDA:0,(anonymous_13)
FNDA:0,(anonymous_14)
FNDA:0,(anonymous_15)
FNDA:0,(anonymous_16)
FNDA:0,(anonymous_17)
FNDA:0,(anonymous_18)
FNDA:0,(anonymous_19)
FNDA:0,(anonymous_20)
FNDA:0,(anonymous_21)
FNDA:0,(anonymous_22)
FNDA:0,(anonymous_23)
FNDA:0,(anonymous_24)
FNDA:0,(anonymous_25)
FNDA:0,(anonymous_26)
FNDA:0,(anonymous_27)
FNDA:0,(anonymous_28)
DA:11,0
DA:12,0
DA:13,0
DA:16,0
DA:19,0
DA:24,0
DA:78,0
DA:82,0
DA:83,0
DA:84,0
DA:87,0
DA:89,0
DA:93,0
DA:94,0
DA:98,0
DA:99,0
DA:100,0
DA:101,0
DA:102,0
DA:108,0
DA:109,0
DA:110,0
DA:111,0
DA:112,0
DA:113,0
DA:115,0
DA:117,0
DA:120,0
DA:121,0
DA:128,0
DA:129,0
DA:131,0
DA:135,0
DA:137,0
DA:141,0
DA:143,0
DA:144,0
DA:145,0
DA:146,0
DA:147,0
DA:148,0
DA:149,0
DA:151,0
DA:155,0
DA:162,0
DA:163,0
DA:165,0
DA:170,0
DA:174,0
DA:175,0
DA:176,0
DA:181,0
DA:184,0
DA:188,0
DA:189,0
DA:190,0
DA:191,0
DA:192,0
DA:193,0
DA:194,0
DA:196,0
DA:199,0
DA:206,0
DA:207,0
DA:209,0
DA:213,0
DA:217,0
DA:218,0
DA:219,0
DA:220,0
DA:221,0
DA:222,0
DA:223,0
DA:225,0
DA:228,0
DA:235,0
DA:236,0
DA:238,0
DA:242,0
DA:245,0
DA:249,0
DA:250,0
DA:251,0
DA:255,0
DA:259,0
DA:260,0
DA:261,0
DA:262,0
DA:266,0
DA:267,0
DA:268,0
DA:269,0
DA:275,0
DA:276,0
DA:280,0
DA:284,0
DA:285,0
DA:288,0
DA:289,0
DA:293,0
DA:294,0
DA:295,0
DA:297,0
DA:299,0
DA:301,0
DA:307,0
DA:308,0
DA:309,0
DA:311,0
DA:312,0
DA:314,0
DA:320,0
DA:321,0
DA:322,0
DA:323,0
DA:325,0
DA:326,0
DA:329,0
DA:331,0
DA:334,0
DA:337,0
DA:338,0
DA:339,0
DA:341,0
DA:342,0
DA:345,0
DA:346,0
DA:347,0
DA:348,0
DA:349,0
DA:350,0
DA:351,0
DA:352,0
DA:359,0
DA:363,0
DA:364,0
DA:365,0
DA:370,0
DA:373,0
DA:378,0
DA:380,0
DA:384,0
DA:386,0
DA:387,0
DA:388,0
DA:389,0
DA:390,0
DA:396,0
DA:398,0
DA:399,0
DA:400,0
DA:401,0
DA:402,0
DA:408,0
DA:409,0
DA:410,0
DA:412,0
DA:413,0
DA:414,0
DA:418,0
DA:419,0
DA:420,0
DA:421,0
DA:422,0
DA:423,0
DA:424,0
DA:425,0
DA:428,0
DA:432,0
DA:436,0
DA:437,0
DA:438,0
DA:443,0
DA:470,0
DA:471,0
DA:472,0
DA:473,0
DA:474,0
DA:475,0
DA:478,0
DA:484,0
DA:491,0
DA:492,0
DA:493,0
DA:497,0
DA:500,0
DA:503,0
DA:507,0
DA:508,0
DA:509,0
DA:513,0
DA:516,0
DA:517,0
DA:520,0
DA:523,0
DA:526,0
DA:527,0
DA:528,0
DA:531,0
DA:532,0
LF:200
LH:0
BRDA:11,0,0,0
BRDA:11,0,1,0
BRDA:83,1,0,0
BRDA:83,1,1,0
BRDA:94,2,0,0
BRDA:94,2,1,0
BRDA:99,3,0,0
BRDA:99,3,1,0
BRDA:99,4,0,0
BRDA:99,4,1,0
BRDA:99,4,2,0
BRDA:99,4,3,0
BRDA:109,5,0,0
BRDA:109,5,1,0
BRDA:113,6,0,0
BRDA:113,6,1,0
BRDA:123,7,0,0
BRDA:123,7,1,0
BRDA:124,8,0,0
BRDA:124,8,1,0
BRDA:128,9,0,0
BRDA:128,9,1,0
BRDA:129,10,0,0
BRDA:129,10,1,0
BRDA:129,10,2,0
BRDA:131,11,0,0
BRDA:131,11,1,0
BRDA:143,12,0,0
BRDA:143,12,1,0
BRDA:148,13,0,0
BRDA:148,13,1,0
BRDA:159,14,0,0
BRDA:159,14,1,0
BRDA:159,15,0,0
BRDA:159,15,1,0
BRDA:162,16,0,0
BRDA:162,16,1,0
BRDA:163,17,0,0
BRDA:163,17,1,0
BRDA:165,18,0,0
BRDA:165,18,1,0
BRDA:174,19,0,0
BRDA:174,19,1,0
BRDA:179,20,0,0
BRDA:179,20,1,0
BRDA:181,21,0,0
BRDA:181,21,1,0
BRDA:181,21,2,0
BRDA:188,22,0,0
BRDA:188,22,1,0
BRDA:188,23,0,0
BRDA:188,23,1,0
BRDA:193,24,0,0
BRDA:193,24,1,0
BRDA:202,25,0,0
BRDA:202,25,1,0
BRDA:202,26,0,0
BRDA:202,26,1,0
BRDA:206,27,0,0
BRDA:206,27,1,0
BRDA:207,28,0,0
BRDA:207,28,1,0
BRDA:209,29,0,0
BRDA:209,29,1,0
BRDA:217,30,0,0
BRDA:217,30,1,0
BRDA:217,31,0,0
BRDA:217,31,1,0
BRDA:217,31,2,0
BRDA:217,31,3,0
BRDA:217,31,4,0
BRDA:222,32,0,0
BRDA:222,32,1,0
BRDA:231,33,0,0
BRDA:231,33,1,0
BRDA:231,34,0,0
BRDA:231,34,1,0
BRDA:235,35,0,0
BRDA:235,35,1,0
BRDA:236,36,0,0
BRDA:236,36,1,0
BRDA:238,37,0,0
BRDA:238,37,1,0
BRDA:252,38,0,0
BRDA:252,38,1,0
BRDA:268,39,0,0
BRDA:268,39,1,0
BRDA:272,40,0,0
BRDA:272,40,1,0
BRDA:276,41,0,0
BRDA:276,41,1,0
BRDA:289,42,0,0
BRDA:289,42,1,0
BRDA:294,43,0,0
BRDA:294,43,1,0
BRDA:297,44,0,0
BRDA:297,44,1,0
BRDA:308,45,0,0
BRDA:308,45,1,0
BRDA:317,46,0,0
BRDA:317,46,1,0
BRDA:320,47,0,0
BRDA:320,47,1,0
BRDA:321,48,0,0
BRDA:321,48,1,0
BRDA:321,49,0,0
BRDA:321,49,1,0
BRDA:325,50,0,0
BRDA:325,50,1,0
BRDA:326,51,0,0
BRDA:326,51,1,0
BRDA:337,52,0,0
BRDA:337,52,1,0
BRDA:345,53,0,0
BRDA:345,53,1,0
BRDA:347,54,0,0
BRDA:347,54,1,0
BRDA:351,55,0,0
BRDA:351,55,1,0
BRDA:364,56,0,0
BRDA:364,56,1,0
BRDA:370,57,0,0
BRDA:370,57,1,0
BRDA:373,58,0,0
BRDA:373,58,1,0
BRDA:387,59,0,0
BRDA:387,59,1,0
BRDA:387,60,0,0
BRDA:387,60,1,0
BRDA:389,61,0,0
BRDA:389,61,1,0
BRDA:396,62,0,0
BRDA:396,62,1,0
BRDA:409,63,0,0
BRDA:409,63,1,0
BRDA:409,64,0,0
BRDA:409,64,1,0
BRDA:413,65,0,0
BRDA:413,65,1,0
BRDA:419,66,0,0
BRDA:419,66,1,0
BRDA:421,67,0,0
BRDA:421,67,1,0
BRDA:421,68,0,0
BRDA:421,68,1,0
BRDA:423,69,0,0
BRDA:423,69,1,0
BRDA:436,70,0,0
BRDA:436,70,1,0
BRDA:471,71,0,0
BRDA:471,71,1,0
BRDA:472,72,0,0
BRDA:472,72,1,0
BRDA:474,73,0,0
BRDA:474,73,1,0
BRDA:491,74,0,0
BRDA:491,74,1,0
BRDA:492,75,0,0
BRDA:492,75,1,0
BRDA:510,76,0,0
BRDA:510,76,1,0
BRF:161
BRH:0
end_of_record
TN:
SF:/Volumes/Data/Eric/Develop/Repository/Vimo/examples/src/router/index.js
FNF:0
FNH:0
DA:4,1
DA:5,1
LF:2
LH:2
BRF:0
BRH:0
end_of_record
TN:
SF:/Volumes/Data/Eric/Develop/Repository/Vimo/examples/src/router/route-opt.js
FNF:0
FNH:0
DA:15,1
DA:33,0
DA:42,0
DA:49,0
DA:56,0
DA:63,0
DA:73,0
DA:80,0
DA:87,0
DA:94,0
DA:102,0
DA:111,0
DA:118,0
DA:131,0
DA:138,0
DA:145,0
DA:152,0
DA:159,0
DA:169,0
DA:176,0
DA:183,0
DA:190,0
DA:197,0
DA:204,0
DA:211,0
DA:218,0
DA:225,0
DA:232,0
DA:239,0
DA:246,0
DA:253,0
DA:260,0
DA:267,0
DA:274,0
DA:281,0
DA:288,0
DA:295,0
DA:304,0
DA:311,0
DA:318,0
DA:325,0
DA:332,0
DA:340,0
DA:348,0
DA:355,0
DA:364,0
DA:371,0
DA:378,0
DA:407,1
DA:408,1
DA:409,1
DA:410,1
DA:411,1
DA:412,1
DA:413,1
DA:414,1
DA:415,1
LF:57
LH:10
BRF:0
BRH:0
end_of_record
TN:
SF:/Volumes/Data/Eric/Develop/Repository/Vimo/examples/src/router/route-card.js
FNF:0
FNH:0
DA:11,0
DA:18,0
DA:25,0
DA:32,0
LF:4
LH:0
BRF:0
BRH:0
end_of_record
TN:
SF:/Volumes/Data/Eric/Develop/Repository/Vimo/examples/src/router/route-content.js
FNF:0
FNH:0
DA:9,0
DA:16,0
DA:23,0
DA:30,0
DA:37,0
DA:44,0
DA:51,0
LF:7
LH:0
BRF:0
BRH:0
end_of_record
TN:
SF:/Volumes/Data/Eric/Develop/Repository/Vimo/examples/src/router/route-list.js
FNF:0
FNH:0
DA:11,0
DA:18,0
DA:25,0
DA:32,0
DA:39,0
DA:46,0
DA:53,0
DA:60,0
DA:67,0
DA:74,0
DA:81,0
DA:88,0
DA:96,0
DA:103,0
LF:14
LH:0
BRF:0
BRH:0
end_of_record
TN:
SF:/Volumes/Data/Eric/Develop/Repository/Vimo/examples/src/router/route-picker.js
FNF:0
FNH:0
DA:10,0
DA:17,0
DA:24,0
DA:31,0
DA:38,0
LF:5
LH:0
BRF:0
BRH:0
end_of_record
TN:
SF:/Volumes/Data/Eric/Develop/Repository/Vimo/examples/src/router/route-scroll.js
FNF:0
FNH:0
DA:10,0
DA:17,0
DA:24,0
DA:31,0
LF:4
LH:0
BRF:0
BRH:0
end_of_record
TN:
SF:/Volumes/Data/Eric/Develop/Repository/Vimo/examples/src/router/route-segment.js
FNF:0
FNH:0
DA:10,0
DA:17,0
DA:24,0
DA:31,0
DA:38,0
DA:45,0
LF:6
LH:0
BRF:0
BRH:0
end_of_record
TN:
SF:/Volumes/Data/Eric/Develop/Repository/Vimo/examples/src/router/route-tabs.js
FNF:0
FNH:0
DA:12,0
DA:19,0
DA:27,0
DA:34,0
DA:41,0
DA:50,0
DA:58,0
DA:65,0
DA:72,0
DA:81,0
DA:89,0
DA:96,0
DA:103,0
DA:112,0
DA:120,0
DA:127,0
DA:134,0
DA:143,0
DA:151,0
DA:158,0
DA:165,0
DA:174,0
DA:182,0
DA:189,0
DA:196,0
DA:205,0
DA:213,0
DA:220,0
DA:227,0
LF:29
LH:0
BRF:0
BRH:0
end_of_record
TN:
SF:/Volumes/Data/Eric/Develop/Repository/Vimo/examples/src/router/route-input.js
FNF:0
FNH:0
DA:6,0
DA:13,0
DA:20,0
DA:27,0
DA:34,0
LF:5
LH:0
BRF:0
BRH:0
end_of_record
TN:
SF:/Volumes/Data/Eric/Develop/Repository/Vimo/examples/src/router/route-textarea.js
FNF:0
FNH:0
DA:6,0
DA:13,0
DA:20,0
DA:27,0
LF:4
LH:0
BRF:0
BRH:0
end_of_record
TN:
SF:/Volumes/Data/Eric/Develop/Repository/Vimo/examples/src/pages/index.vue
FNF:0
FNH:0
DA:166,0
DA:172,0
LF:2
LH:0
BRF:0
BRH:0
end_of_record
TN:
SF:/Volumes/Data/Eric/Develop/Repository/Vimo/examples/src/pages/components.vue
FNF:0
FNH:0
DA:389,0
LF:1
LH:0
BRF:0
BRH:0
end_of_record
TN:
SF:/Volumes/Data/Eric/Develop/Repository/Vimo/examples/src/pages/popover/popover.vue
FNF:0
FNH:0
DA:76,0
DA:85,0
DA:89,0
LF:3
LH:0
BRF:0
BRH:0
end_of_record
TN:
SF:/Volumes/Data/Eric/Develop/Repository/Vimo/examples/src/pages/popover/textTool.vue
FNF:0
FNH:0
DA:226,0
DA:252,0
DA:253,0
DA:254,0
DA:257,0
DA:260,0
DA:263,0
DA:264,0
DA:265,0
DA:266,0
DA:267,0
DA:270,0
DA:273,0
DA:274,0
DA:279,0
DA:280,0
DA:281,0
LF:17
LH:0
BRDA:257,0,0,0
BRDA:257,0,1,0
BRDA:264,1,0,0
BRDA:264,1,1,0
BRDA:266,2,0,0
BRDA:266,2,1,0
BRDA:273,3,0,0
BRDA:273,3,1,0
BRF:8
BRH:0
end_of_record
